#
# A fatal error has been detected by the Java Runtime Environment:
#
#  Internal Error (jvmciRuntime.cpp:1609), pid=30, tid=44
#  fatal error: Fatal exception in JVMCI: Error calling jdk.vm.ci.services.Services.serializeSavedProperties
#
# JRE version: OpenJDK Runtime Environment GraalVM CE 22.3.0 (17.0.5+8) (build 17.0.5+8-jvmci-22.3-b08)
# Java VM: OpenJDK 64-Bit Server VM GraalVM CE 22.3.0 (17.0.5+8-jvmci-22.3-b08, mixed mode, sharing, tiered, jvmci, jvmci compiler, compressed oops, compressed class ptrs, parallel gc, linux-amd64)
# Problematic frame:
# V  [libjvm.so+0x972714]  JVMCIRuntime::fatal_exception(JVMCIEnv*, char const*)+0x74
#
# Core dump will be written. Default location: Core dumps may be processed with "/usr/share/apport/apport -p%p -s%s -c%c -d%d -P%P -u%u -g%g -- %E" (or dumping to /home/runner/newpp/core.30)
#
# If you would like to submit a bug report, please visit:
#   https://github.com/oracle/graal/issues
#

---------------  S U M M A R Y ------------

Command Line: -XX:ThreadPriorityPolicy=1 -XX:+UnlockExperimentalVMOptions -XX:+EnableJVMCIProduct -XX:JVMCIThreadsPerNativeLibraryRuntime=1 -XX:-UnlockExperimentalVMOptions -Declipse.application=org.eclipse.jdt.ls.core.id1 -Dosgi.bundles.defaultStartLevel=4 -Declipse.product=org.eclipse.jdt.ls.core.product -Dlog.level=ALL -Xverify:none -XX:+UseParallelGC -XX:GCTimeRatio=4 -XX:AdaptiveSizePolicyWeight=90 -Dsun.zip.disableMemoryMapping=true -Xmx512m -Xms100m /nix/store/m6gcpi1ii6rghy04cjwjddcavv7i90df-jdt-language-server-1.9.0/share/java/plugins/org.eclipse.equinox.launcher_1.6.400.v20210924-0641.jar --add-modules=ALL-SYSTEM --add-opens java.base/java.util=ALL-UNNAMED --add-opens java.base/java.lang=ALL-UNNAMED -configuration /home/runner/.cache/jdt-language-server/config -data /home/runner/.cache/jdt-language-server/data/home/runner/newpp

Host: AMD EPYC 7B12, 8 cores, 1G, Ubuntu 20.04.2 LTS
Time: Fri Feb 17 15:45:03 2023 UTC elapsed time: 1171.576673 seconds (0d 0h 19m 31s)

---------------  T H R E A D  ---------------

Current thread (0x00007f5ab00b21b0):  JavaThread "JVMCI-native CompilerThread0" daemon [_thread_in_vm, id=44, stack(0x00007f5ab461a000,0x00007f5ab481a000)]


Current CompileTask:
JVMCI-native:1171577 10830 %     4       org.eclipse.jdt.internal.compiler.parser.Scanner::scanIdentifierOrKeyword @ 20 (196 bytes)

Stack: [0x00007f5ab461a000,0x00007f5ab481a000],  sp=0x00007f5ab4818380,  free space=2040k
Native frames: (J=compiled Java code, j=interpreted, Vv=VM code, C=native code)
V  [libjvm.so+0x972714]  JVMCIRuntime::fatal_exception(JVMCIEnv*, char const*)+0x74
V  [libjvm.so+0x93e2fe]  JVMCIEnv::copy_saved_properties()+0x14e
V  [libjvm.so+0x9732a9]  JVMCIRuntime::initialize(JVMCIEnv*)+0xb19
V  [libjvm.so+0x9738a2]  JVMCIRuntime::get_HotSpotJVMCIRuntime(JVMCIEnv*)+0x12
V  [libjvm.so+0x9749f2]  JVMCIRuntime::compile_method(JVMCIEnv*, JVMCICompiler*, methodHandle const&, int)+0xd2
V  [libjvm.so+0x5b0d20]  CompileBroker::invoke_compiler_on_method(CompileTask*)+0x1470
V  [libjvm.so+0x5b12e8]  CompileBroker::compiler_thread_loop()+0x528
V  [libjvm.so+0xd82460]  JavaThread::thread_main_inner()+0xd0
V  [libjvm.so+0xd85a40]  Thread::call_run()+0xc0
V  [libjvm.so+0xbdb1e1]  thread_native_entry(Thread*)+0xe1

Register to memory mapping:

RAX=0x00007f5ab76de000 points into unknown readable memory: 0x0000000000000058 | 58 00 00 00 00 00 00 00
RBX=0x00007f5ab87d9398: <offset 0x0000000000ef5398> in /nix/store/gpxl5qgg8kicmcvivwmybwjlpf7wh20l-graalvm17-ce-22.3.0/lib/server/libjvm.so at 0x00007f5ab78e4000
RCX=0x00007f5ab87911e8: <offset 0x0000000000ead1e8> in /nix/store/gpxl5qgg8kicmcvivwmybwjlpf7wh20l-graalvm17-ce-22.3.0/lib/server/libjvm.so at 0x00007f5ab78e4000
RDX=0x0000000000000649 is an unknown value
RSP=0x00007f5ab4818380 is pointing into the stack for thread: 0x00007f5ab00b21b0
RBP=0x00007f5ab48183a0 is pointing into the stack for thread: 0x00007f5ab00b21b0
RSI=0x00007f5ab87d9c48: <offset 0x0000000000ef5c48> in /nix/store/gpxl5qgg8kicmcvivwmybwjlpf7wh20l-graalvm17-ce-22.3.0/lib/server/libjvm.so at 0x00007f5ab78e4000
RDI=0x00000000e0000000 is an oop: java.lang.String 
{0x00000000e0000000} - klass: 'java/lang/String'
 - string: "resolution"
R8 =0x00007f5ab87d9398: <offset 0x0000000000ef5398> in /nix/store/gpxl5qgg8kicmcvivwmybwjlpf7wh20l-graalvm17-ce-22.3.0/lib/server/libjvm.so at 0x00007f5ab78e4000
R9 =0x00007f5ab4818330 is pointing into the stack for thread: 0x00007f5ab00b21b0
R10=0x00007f5ab4819948 is pointing into the stack for thread: 0x00007f5ab00b21b0
R11=0x0000000000000293 is an unknown value
R12=0x0 is NULL
R13=0x00007f5ab00b21b0 is a thread
R14=0x00007f5ab0000b80 points into unknown readable memory: 0x00007f5ab8a0aa38 | 38 aa a0 b8 5a 7f 00 00
R15=0x00007f5ab8b18e40: <offset 0x0000000001234e40> in /nix/store/gpxl5qgg8kicmcvivwmybwjlpf7wh20l-graalvm17-ce-22.3.0/lib/server/libjvm.so at 0x00007f5ab78e4000


Registers:
RAX=0x00007f5ab76de000, RBX=0x00007f5ab87d9398, RCX=0x00007f5ab87911e8, RDX=0x0000000000000649
RSP=0x00007f5ab4818380, RBP=0x00007f5ab48183a0, RSI=0x00007f5ab87d9c48, RDI=0x00000000e0000000
R8 =0x00007f5ab87d9398, R9 =0x00007f5ab4818330, R10=0x00007f5ab4819948, R11=0x0000000000000293
R12=0x0000000000000000, R13=0x00007f5ab00b21b0, R14=0x00007f5ab0000b80, R15=0x00007f5ab8b18e40
RIP=0x00007f5ab8256714, EFLAGS=0x0000000000010206, CSGSFS=0x002b000000000033, ERR=0x0000000000000006
  TRAPNO=0x000000000000000e

Top of Stack: (sp=0x00007f5ab4818380)
0x00007f5ab4818380:   00007f5ab4818940 00007f5ab00b21b0
0x00007f5ab4818390:   00007f5ab606f8c8 0000000800c409d8
0x00007f5ab48183a0:   00007f5ab4818500 00007f5ab82222fe
0x00007f5ab48183b0:   00007f5ab48183e0 00007f5ab4818440 

Instructions: (pc=0x00007f5ab8256714)
0x00007f5ab8256614:   30 e8 f6 cf e8 ff 4c 89 e7 e8 2e 48 d1 ff 84 db
0x00007f5ab8256624:   75 2a 4d 85 ed 74 04 4d 8b 6d 00 48 83 c4 08 44
0x00007f5ab8256634:   89 f9 4c 89 f2 4c 89 ee 5b 4c 89 e7 41 5c 41 5d
0x00007f5ab8256644:   41 5e 41 5f 5d e9 e2 47 d1 ff 66 90 48 83 c4 08
0x00007f5ab8256654:   5b 41 5c 41 5d 41 5e 41 5f 5d c3 90 31 d2 be 08
0x00007f5ab8256664:   00 00 00 4c 89 ff e8 b1 78 a3 ff 49 89 c5 e9 37
0x00007f5ab8256674:   ff ff ff 66 0f 1f 84 00 00 00 00 00 48 8b 7a 08
0x00007f5ab8256684:   e9 6d ff ff ff 0f 1f 80 00 00 00 00 e8 5b 48 0a
0x00007f5ab8256694:   00 84 c0 75 89 e9 6a ff ff ff 66 90 55 48 89 e5
0x00007f5ab82566a4:   41 56 41 55 41 54 49 89 fc 53 48 89 f3 66 48 8d
0x00007f5ab82566b4:   3d 27 5e 85 00 66 66 48 e8 df 43 8d ff 4c 8b 28
0x00007f5ab82566c4:   8b 05 be 72 8a 00 85 c0 75 14 ba 01 00 00 00 48
0x00007f5ab82566d4:   8d 0d ae 72 8a 00 f0 0f b1 11 85 c0 74 4e be c8
0x00007f5ab82566e4:   00 00 00 4c 89 ef e8 01 0b 41 00 48 8d 05 12 ac
0x00007f5ab82566f4:   85 00 49 89 d8 48 8d 0d e8 aa 53 00 ba 49 06 00
0x00007f5ab8256704:   00 48 8d 35 3c 35 58 00 bf 00 00 00 e0 48 8b 00
0x00007f5ab8256714:   c6 00 58 31 c0 e8 e2 91 c6 ff 5b 41 5c 41 5d 41
0x00007f5ab8256724:   5e 5d e9 55 34 26 00 0f 1f 44 00 00 48 8d 05 81
0x00007f5ab8256734:   a3 8b 00 48 89 df 4c 8b 30 e8 9e 43 8d ff 48 89
0x00007f5ab8256744:   de 48 89 c2 49 8b 06 4c 89 f7 ff 50 08 4c 89 f7
0x00007f5ab8256754:   e8 a7 5c 27 00 4d 85 e4 74 12 be 01 00 00 00 4c
0x00007f5ab8256764:   89 e7 e8 35 43 fc ff eb 82 0f 1f 00 be 01 00 00
0x00007f5ab8256774:   00 4c 89 ef e8 d3 fd ff ff e9 6d ff ff ff 66 66
0x00007f5ab8256784:   2e 0f 1f 84 00 00 00 00 00 0f 1f 00 55 48 89 e5
0x00007f5ab8256794:   41 57 41 56 41 55 41 54 53 48 81 ec 08 02 00 00
0x00007f5ab82567a4:   64 48 8b 04 25 28 00 00 00 48 89 45 c8 8b 07 83
0x00007f5ab82567b4:   f8 02 0f 84 11 04 00 00 4c 8b 6f 18 49 89 ff 49
0x00007f5ab82567c4:   89 f4 4d 85 ed 74 14 4c 89 ef e8 5d 57 22 00 41
0x00007f5ab82567d4:   8b 07 83 f8 02 0f 84 19 04 00 00 48 8d 1d 9a 06
0x00007f5ab82567e4:   8a 00 4c 8d 35 0b 3c 58 00 eb 38 90 48 85 d2 7f
0x00007f5ab82567f4:   0d 48 8d 05 b4 c0 85 00 48 83 38 00 7e 0e 41 8b
0x00007f5ab8256804:   77 2c 4c 89 f7 31 c0 e8 a0 b2 f7 ff 49 8b 7f 18 


Stack slot to memory mapping:
stack at sp + 0 slots: 0x00007f5ab4818940 is pointing into the stack for thread: 0x00007f5ab00b21b0
stack at sp + 1 slots: 0x00007f5ab00b21b0 is a thread
stack at sp + 2 slots: 0x00007f5ab606f8c8 points into unknown readable memory: 0x65730018e552ffff | ff ff 52 e5 18 00 73 65
stack at sp + 3 slots: 0x0000000800c409d8 is a pointer to class: 
jdk.vm.ci.services.Services {0x0000000800c409d8}
 - instance size:     2
 - klass size:        65
 - access:            public final synchronized 
 - state:             fully_initialized
 - name:              'jdk/vm/ci/services/Services'
 - super:             'java/lang/Object'
 - sub:               
 - arrays:            NULL
 - methods:           Array<T>(0x00007f5ab503a340)
 - method ordering:   Array<T>(0x0000000800928960)
 - default_methods:   Array<T>(0x0000000000000000)
 - local interfaces:  Array<T>(0x00000008005ce810)
 - trans. interfaces: Array<T>(0x00000008005ce810)
 - constants:         constant pool [427] {0x00007f5ab5039420} for 'jdk/vm/ci/services/Services' cache=0x00007f5ab503b610
 - class loader data:  loader data: 0x00007f5ab00283d0 of 'bootstrap'
 - source file:       'Services.java'
 - class annotations:       Array<T>(0x0000000000000000)
 - class type annotations:  Array<T>(0x0000000000000000)
 - field annotations:       Array<T>(0x0000000000000000)
 - field type annotations:  Array<T>(0x0000000000000000)
 - inner classes:     Array<T>(0x00007f5ab503b5e0)
 - nest members:     Array<T>(0x00007f5ab503b600)
 - permitted subclasses:     Array<T>(0x00000008005ce7a0)
 - java mirror:       a 'java/lang/Class'{0x00000000e0148708} = 'jdk/vm/ci/services/Services'
 - vtable length      5  (start addr: 0x0000000800c40ba8)
 - itable length      2 (start addr: 0x0000000800c40bd0)
 - ---- static fields (3 words):
 - public static final 'IS_BUILDING_NATIVE_IMAGE' 'Z' @128 
 - public static final 'IS_IN_NATIVE_IMAGE' 'Z' @129 
 - private static volatile 'savedProperties' 'Ljava/util/Map;' @112 
 - static final 'JVMCI_ENABLED' 'Z' @130 
 - private static final 'servicesCache' 'Ljava/util/Map;' @116 
 - private static final 'MAX_UNICODE_IN_UTF8_LENGTH' 'I' @120 
 - private static final 'MAX_UTF8_PROPERTY_STRING_LENGTH' 'I' @124 
 - ---- non-static fields (0 words):
 - non-static oop maps: 
stack at sp + 4 slots: 0x00007f5ab4818500 is pointing into the stack for thread: 0x00007f5ab00b21b0
stack at sp + 5 slots: 0x00007f5ab82222fe: <offset 0x000000000093e2fe> in /nix/store/gpxl5qgg8kicmcvivwmybwjlpf7wh20l-graalvm17-ce-22.3.0/lib/server/libjvm.so at 0x00007f5ab78e4000
stack at sp + 6 slots: 0x00007f5ab48183e0 is pointing into the stack for thread: 0x00007f5ab00b21b0
stack at sp + 7 slots: 0x00007f5ab4818440 is pointing into the stack for thread: 0x00007f5ab00b21b0


---------------  P R O C E S S  ---------------

Threads class SMR info:
_java_thread_list=0x00007f5a04041cd0, length=39, elements={
0x00007f5ab0026670, 0x00007f5ab00a64b0, 0x00007f5ab00a78f0, 0x00007f5ab00ae020,
0x00007f5ab00af3d0, 0x00007f5ab00b07c0, 0x00007f5ab00b21b0, 0x00007f5ab00b36c0,
0x00007f5ab00b4b10, 0x00007f5ab00e80a0, 0x00007f5ab012fca0, 0x00007f5ab03447a0,
0x00007f5ab03784b0, 0x00007f5ab037a530, 0x00007f5ab03a6590, 0x00007f5a4801a800,
0x00007f5a482a2e50, 0x00007f5a48304ef0, 0x00007f5a380010d0, 0x00007f5a48482c30,
0x00007f5a486563b0, 0x00007f5ab03a1d60, 0x00007f5a38007280, 0x00007f5ab0420920,
0x00007f5a2016ee80, 0x00007f5a20176460, 0x00007f5a20169150, 0x00007f5a2017ca00,
0x00007f5a20171cb0, 0x00007f5a201775b0, 0x00007f5a201756a0, 0x00007f5a20179fa0,
0x00007f5a2017b490, 0x00007f5a2016a970, 0x00007f5a2016be80, 0x00007f5a201686b0,
0x00007f5a20156a10, 0x00007f5a20157b00, 0x00007f5a20169bf0
}

Java Threads: ( => current thread )
  0x00007f5ab0026670 JavaThread "main" [_thread_blocked, id=36, stack(0x00007f5ab76ff000,0x00007f5ab77ff000)]
  0x00007f5ab00a64b0 JavaThread "Reference Handler" daemon [_thread_blocked, id=39, stack(0x00007f5ab4f00000,0x00007f5ab5000000)]
  0x00007f5ab00a78f0 JavaThread "Finalizer" daemon [_thread_blocked, id=40, stack(0x00007f5ab4e00000,0x00007f5ab4f00000)]
  0x00007f5ab00ae020 JavaThread "Signal Dispatcher" daemon [_thread_blocked, id=41, stack(0x00007f5ab4a1a000,0x00007f5ab4b1a000)]
  0x00007f5ab00af3d0 JavaThread "Service Thread" daemon [_thread_blocked, id=42, stack(0x00007f5ab491a000,0x00007f5ab4a1a000)]
  0x00007f5ab00b07c0 JavaThread "Monitor Deflation Thread" daemon [_thread_blocked, id=43, stack(0x00007f5ab481a000,0x00007f5ab491a000)]
=>0x00007f5ab00b21b0 JavaThread "JVMCI-native CompilerThread0" daemon [_thread_in_vm, id=44, stack(0x00007f5ab461a000,0x00007f5ab481a000)]
  0x00007f5ab00b36c0 JavaThread "C1 CompilerThread0" daemon [_thread_blocked, id=45, stack(0x00007f5ab441a000,0x00007f5ab461a000)]
  0x00007f5ab00b4b10 JavaThread "Sweeper thread" daemon [_thread_blocked, id=46, stack(0x00007f5ab431a000,0x00007f5ab441a000)]
  0x00007f5ab00e80a0 JavaThread "Common-Cleaner" daemon [_thread_blocked, id=47, stack(0x00007f5ab421a000,0x00007f5ab431a000)]
  0x00007f5ab012fca0 JavaThread "Notification Thread" daemon [_thread_blocked, id=48, stack(0x00007f5ab411a000,0x00007f5ab421a000)]
  0x00007f5ab03447a0 JavaThread "Active Thread: Equinox Container: 42be672b-78ad-4557-a3ab-a960282b9fab" [_thread_blocked, id=62, stack(0x00007f5a94f00000,0x00007f5a95000000)]
  0x00007f5ab03784b0 JavaThread "Framework Event Dispatcher: Equinox Container: 42be672b-78ad-4557-a3ab-a960282b9fab" daemon [_thread_blocked, id=63, stack(0x00007f5a94d00000,0x00007f5a94e00000)]
  0x00007f5ab037a530 JavaThread "Start Level: Equinox Container: 42be672b-78ad-4557-a3ab-a960282b9fab" daemon [_thread_blocked, id=64, stack(0x00007f5a94b00000,0x00007f5a94c00000)]
  0x00007f5ab03a6590 JavaThread "Refresh Thread: Equinox Container: 42be672b-78ad-4557-a3ab-a960282b9fab" daemon [_thread_blocked, id=65, stack(0x00007f5a94900000,0x00007f5a94a00000)]
  0x00007f5a4801a800 JavaThread "SCR Component Actor" daemon [_thread_blocked, id=74, stack(0x00007f5a94e00000,0x00007f5a94f00000)]
  0x00007f5a482a2e50 JavaThread "Worker-JM" [_thread_blocked, id=76, stack(0x00007f5a94500000,0x00007f5a94600000)]
  0x00007f5a48304ef0 JavaThread "Worker-0: Periodic workspace save." [_thread_blocked, id=77, stack(0x00007f5a94300000,0x00007f5a94400000)]
  0x00007f5a380010d0 JavaThread "Worker-1: Compacting resource model" [_thread_blocked, id=78, stack(0x00007f5a94100000,0x00007f5a94200000)]
  0x00007f5a48482c30 JavaThread "Java indexing" daemon [_thread_blocked, id=87, stack(0x00007f5a5ed00000,0x00007f5a5ee00000)]
  0x00007f5a486563b0 JavaThread "Bundle File Closer" daemon [_thread_blocked, id=88, stack(0x00007f5a5eb00000,0x00007f5a5ec00000)]
  0x00007f5ab03a1d60 JavaThread "pool-3-thread-1" [_thread_blocked, id=89, stack(0x00007f5a5e900000,0x00007f5a5ea00000)]
  0x00007f5a38007280 JavaThread "Worker-2: Java indexing... " [_thread_blocked, id=90, stack(0x00007f5a5e700000,0x00007f5a5e800000)]
  0x00007f5ab0420920 JavaThread "pool-2-thread-1" [_thread_in_native, id=91, stack(0x00007f5a5e500000,0x00007f5a5e600000)]
  0x00007f5a2016ee80 JavaThread "Thread-2" [_thread_blocked, id=147, stack(0x00007f5a94700000,0x00007f5a94800000)]
  0x00007f5a20176460 JavaThread "Thread-8" [_thread_blocked, id=170, stack(0x00007f5a5d700000,0x00007f5a5d800000)]
  0x00007f5a20169150 JavaThread "Thread-15" [_thread_blocked, id=188, stack(0x00007f5a5d900000,0x00007f5a5da00000)]
  0x00007f5a2017ca00 JavaThread "Thread-35" [_thread_blocked, id=215, stack(0x00007f5a5c100000,0x00007f5a5c200000)]
  0x00007f5a20171cb0 JavaThread "Thread-36" [_thread_blocked, id=216, stack(0x00007f5a5d500000,0x00007f5a5d600000)]
  0x00007f5a201775b0 JavaThread "Thread-38" [_thread_blocked, id=235, stack(0x00007f5a5c700000,0x00007f5a5c800000)]
  0x00007f5a201756a0 JavaThread "Thread-41" [_thread_blocked, id=238, stack(0x00007f5a5e200000,0x00007f5a5e300000)]
  0x00007f5a20179fa0 JavaThread "Thread-42" [_thread_blocked, id=239, stack(0x00007f5a5ea00000,0x00007f5a5eb00000)]
  0x00007f5a2017b490 JavaThread "Thread-43" [_thread_blocked, id=240, stack(0x00007f5a5cf00000,0x00007f5a5d000000)]
  0x00007f5a2016a970 JavaThread "Thread-45" [_thread_blocked, id=242, stack(0x00007f5a5dd00000,0x00007f5a5de00000)]
  0x00007f5a2016be80 JavaThread "Thread-67" [_thread_blocked, id=292, stack(0x00007f5a5ca00000,0x00007f5a5cb00000)]
  0x00007f5a201686b0 JavaThread "Thread-68" [_thread_blocked, id=293, stack(0x00007f5a5d300000,0x00007f5a5d400000)]
  0x00007f5a20156a10 JavaThread "Thread-70" [_thread_blocked, id=1630, stack(0x00007f5a5e300000,0x00007f5a5e400000)]
  0x00007f5a20157b00 JavaThread "Thread-72" [_thread_blocked, id=1940, stack(0x00007f5a5cd00000,0x00007f5a5ce00000)]
  0x00007f5a20169bf0 JavaThread "Thread-73" [_thread_blocked, id=2677, stack(0x00007f5a5e100000,0x00007f5a5e200000)]

Other Threads:
  0x00007f5ab00a1bf0 VMThread "VM Thread" [stack: 0x00007f5ab5818000,0x00007f5ab5918000] [id=38] _threads_hazard_ptr=0x00007f5a04041cd0
  0x00007f5ab0131640 WatcherThread [stack: 0x00007f5ab401a000,0x00007f5ab411a000] [id=49]
  0x00007f5ab003df10 GCTaskThread "GC Thread#0" [stack: 0x00007f5ab72c2000,0x00007f5ab73c2000] [id=37]

Threads with active compile tasks:
JVMCI-native CompilerThread0  1171655 10830 %     4       org.eclipse.jdt.internal.compiler.parser.Scanner::scanIdentifierOrKeyword @ 20 (196 bytes)

VM state: synchronizing (normal execution)

VM Mutex/Monitor currently owned by a thread:  ([mutex/lock_event])
[0x00007f5ab0023820] Threads_lock - owner thread: 0x00007f5ab00a1bf0
[0x00007f5ab0023fd0] Heap_lock - owner thread: 0x00007f5a20156a10

OutOfMemory and StackOverflow Exception counts:
OutOfMemoryError java_heap_errors=3
LinkageErrors=58

Heap address: 0x00000000e0000000, size: 512 MB, Compressed Oops mode: 32-bit

CDS archive(s) mapped at: [0x0000000800000000-0x0000000800bc8000-0x0000000800bc8000), size 12353536, SharedBaseAddress: 0x0000000800000000, ArchiveRelocationMode: 0.
Compressed class space mapped at: 0x0000000800c00000-0x0000000840c00000, reserved size: 1073741824
Narrow klass base: 0x0000000800000000, Narrow klass shift: 0, Narrow klass range: 0x100000000

GC Precious Log:
 CPUs: 8 total, 1 available
 Memory: 1024M
 Large Page Support: Disabled
 NUMA Support: Disabled
 Compressed Oops: Enabled (32-bit)
 Alignments: Space 512K, Generation 512K, Heap 2M
 Heap Min Capacity: 100M
 Heap Initial Capacity: 100M
 Heap Max Capacity: 512M
 Pre-touch: Disabled
 Parallel Workers: 1

Heap:
 PSYoungGen      total 36352K, used 27135K [0x00000000f5580000, 0x00000000f8400000, 0x0000000100000000)
  eden space 27136K, 99% used [0x00000000f5580000,0x00000000f6fffff8,0x00000000f7000000)
  from space 9216K, 0% used [0x00000000f7000000,0x00000000f7000000,0x00000000f7900000)
  to   space 9216K, 0% used [0x00000000f7900000,0x00000000f7900000,0x00000000f8200000)
 ParOldGen       total 349696K, used 349695K [0x00000000e0000000, 0x00000000f5580000, 0x00000000f5580000)
  object space 349696K, 99% used [0x00000000e0000000,0x00000000f557ffd0,0x00000000f5580000)
 Metaspace       used 62016K, committed 62912K, reserved 1105920K
  class space    used 5999K, committed 6400K, reserved 1048576K

Card table byte_map: [0x00007f5ab73c2000,0x00007f5ab74c3000] _byte_map_base: 0x00007f5ab6cc2000

Marking Bits: (ParMarkBitMap*) 0x00007f5ab8b124c0
 Begin Bits: [0x00007f5ab6215000, 0x00007f5ab6a15000)
 End Bits:   [0x00007f5ab6a15000, 0x00007f5ab7215000)

Polling page: 0x00007f5ab76dc000

Metaspace:

Usage:
  Non-class:     54.70 MB used.
      Class:      5.86 MB used.
       Both:     60.56 MB used.

Virtual space:
  Non-class space:       56.00 MB reserved,      55.19 MB ( 99%) committed,  7 nodes.
      Class space:        1.00 GB reserved,       6.25 MB ( <1%) committed,  1 nodes.
             Both:        1.05 GB reserved,      61.44 MB (  6%) committed. 

Chunk freelists:
   Non-Class:  730.00 KB
       Class:  1.78 MB
        Both:  2.49 MB

MaxMetaspaceSize: unlimited
CompressedClassSpaceSize: 1.00 GB
Initial GC threshold: 21.00 MB
Current GC threshold: 102.44 MB
CDS: on
MetaspaceReclaimPolicy: balanced
 - commit_granule_bytes: 65536.
 - commit_granule_words: 8192.
 - virtual_space_node_default_size: 1048576.
 - enlarge_chunks_in_place: 1.
 - new_chunks_are_fully_committed: 0.
 - uncommit_free_chunks: 1.
 - use_allocation_guard: 0.
 - handle_deallocations: 1.


Internal statistics:

num_allocs_failed_limit: 6.
num_arena_births: 392.
num_arena_deaths: 86.
num_vsnodes_births: 8.
num_vsnodes_deaths: 0.
num_space_committed: 980.
num_space_uncommitted: 0.
num_chunks_returned_to_freelist: 117.
num_chunks_taken_from_freelist: 2730.
num_chunk_merges: 43.
num_chunk_splits: 1819.
num_chunks_enlarged: 1202.
num_purges: 18.
num_inconsistent_stats: 0.

CodeHeap 'non-profiled nmethods': size=120036Kb used=2480Kb max_used=2688Kb free=117556Kb
 bounds [0x00007f5a9ef7a000, 0x00007f5a9f22a000, 0x00007f5aa64b3000]
CodeHeap 'profiled nmethods': size=120032Kb used=16437Kb max_used=19125Kb free=103594Kb
 bounds [0x00007f5a97a42000, 0x00007f5a98cf2000, 0x00007f5a9ef7a000]
CodeHeap 'non-nmethods': size=5692Kb used=1405Kb max_used=1409Kb free=4286Kb
 bounds [0x00007f5a974b3000, 0x00007f5a97723000, 0x00007f5a97a42000]
 total_blobs=7881 nmethods=7139 adapters=626
 compilation: enabled
              stopped_count=0, restarted_count=0
 full_count=0

JVMCI Events (20 events):
Event: 1028.553 Thread 0x00007f5ab00b21b0 compacted oop handles in JVMCI runtime 0 from 63 to 63
Event: 1028.553 Thread 0x00007f5ab00b21b0 releasing handles for JVMCI runtime 0: oop handles=63, metadata handles={total=160, live=138, blocks=38}
Event: 1028.553 Thread 0x00007f5ab00b21b0 detached from JVMCI runtime 0
Event: 1031.403 Thread 0x00007f5ab00b21b0 attached to JVMCI runtime 0
Event: 1031.455 Thread 0x00007f5ab00b21b0 created JavaVM[11]@0x00007f5a0969e340 for JVMCI runtime 0
Event: 1034.344 Thread 0x00007f5ab00b21b0 initializing JVMCI runtime 0
Event: 1034.344 Thread 0x00007f5ab00b21b0 done waiting for JavaVM references initialization in JVMCI runtime 0
Event: 1087.779 Thread 0x00007f5ab00b21b0 initialized JVMCI runtime 0
Event: 1089.254 Thread 0x00007f5ab00b21b0 compacted oop handles in JVMCI runtime 0 from 62 to 61
Event: 1090.696 Thread 0x00007f5ab00b21b0 detaching from JVMCI runtime 0: releasing idle compiler thread (0 other threads still attached)
Event: 1090.696 Thread 0x00007f5ab00b21b0 shutting down HotSpotJVMCIRuntime for JVMCI runtime 0
Event: 1090.696 Thread 0x00007f5ab00b21b0 shut down JVMCI runtime 0
Event: 1090.698 Thread 0x00007f5ab00b21b0 destroyed JavaVM[11]@0x00007f5a0969e340 for JVMCI runtime 0
Event: 1090.698 Thread 0x00007f5ab00b21b0 compacted oop handles in JVMCI runtime 0 from 61 to 61
Event: 1090.698 Thread 0x00007f5ab00b21b0 releasing handles for JVMCI runtime 0: oop handles=61, metadata handles={total=96, live=94, blocks=38}
Event: 1090.698 Thread 0x00007f5ab00b21b0 detached from JVMCI runtime 0
Event: 1117.709 Thread 0x00007f5ab00b21b0 attached to JVMCI runtime 0
Event: 1117.710 Thread 0x00007f5ab00b21b0 created JavaVM[12]@0x00007f5a0969e340 for JVMCI runtime 0
Event: 1117.710 Thread 0x00007f5ab00b21b0 initializing JVMCI runtime 0
Event: 1117.710 Thread 0x00007f5ab00b21b0 done waiting for JavaVM references initialization in JVMCI runtime 0

Compilation events (20 events):
Event: 958.796 Thread 0x00007f5ab00b36c0 10822       3       org.eclipse.core.runtime.ProgressMonitorWrapper::internalWorked (11 bytes)
Event: 960.100 Thread 0x00007f5ab00b36c0 nmethod 10822 0x00007f5a97b2b090 code [0x00007f5a97b2b240, 0x00007f5a97b2b560]
Event: 992.976 Thread 0x00007f5ab00b36c0 10824       3       java.text.MessageFormat::<init> (56 bytes)
Event: 997.699 Thread 0x00007f5ab00b36c0 nmethod 10824 0x00007f5a97aecc90 code [0x00007f5a97aece60, 0x00007f5a97aed2f0]
Event: 1005.661 Thread 0x00007f5ab00b36c0 10825       3       java.text.Format::format (24 bytes)
Event: 1008.477 Thread 0x00007f5ab00b36c0 nmethod 10825 0x00007f5a97a86a10 code [0x00007f5a97a86c00, 0x00007f5a97a87180]
Event: 1024.303 Thread 0x00007f5ab00b21b0 nmethod 10820 0x00007f5a9f166b10 code [0x00007f5a9f166ec0, 0x00007f5a9f168778]
Event: 1024.303 Thread 0x00007f5ab00b21b0 10823       4       org.eclipse.jdt.internal.compiler.parser.ScannerHelper::toLowerCase (42 bytes)
Event: 1024.356 Thread 0x00007f5ab00b21b0 nmethod 10823 0x00007f5a9f14a210 code [0x00007f5a9f14a380, 0x00007f5a9f14a4a0]
Event: 1024.356 Thread 0x00007f5ab00b21b0 10821       4       org.eclipse.jdt.internal.core.JrtPackageFragmentRoot::equals (69 bytes)
Event: 1027.009 Thread 0x00007f5ab00b21b0 nmethod 10821 0x00007f5a9f149b10 code [0x00007f5a9f149cc0, 0x00007f5a9f149fa0]
Event: 1027.009 Thread 0x00007f5ab00b21b0 10819       4       org.eclipse.core.internal.resources.Resource::equals (66 bytes)
Event: 1027.014 Thread 0x00007f5ab00b21b0 nmethod 10819 0x00007f5a9f149390 code [0x00007f5a9f149580, 0x00007f5a9f149870]
Event: 1031.403 Thread 0x00007f5ab00b36c0 10827   !   3       org.eclipse.jdt.internal.core.NameLookup::<init> (845 bytes)
Event: 1031.403 Thread 0x00007f5ab00b21b0 10826       4       org.eclipse.core.internal.dtree.AbstractDataTreeNode::indexOfChild (75 bytes)
Event: 1031.454 Thread 0x00007f5ab00b36c0 nmethod 10827 0x00007f5a98be4a10 code [0x00007f5a98be51a0, 0x00007f5a98bed430]
Event: 1087.794 Thread 0x00007f5ab00b21b0 nmethod 10826 0x00007f5a9f148d10 code [0x00007f5a9f148ea0, 0x00007f5a9f149108]
Event: 1087.794 Thread 0x00007f5ab00b21b0 10828       4       org.eclipse.jdt.internal.compiler.lookup.PlainPackageBinding::<init> (10 bytes)
Event: 1089.254 Thread 0x00007f5ab00b21b0 nmethod 10828 0x00007f5a9f166290 code [0x00007f5a9f166440, 0x00007f5a9f1667f8]
Event: 1117.709 Thread 0x00007f5ab00b21b0 10830 %     4       org.eclipse.jdt.internal.compiler.parser.Scanner::scanIdentifierOrKeyword @ 20 (196 bytes)

GC Heap History (20 events):
Event: 1155.955 GC heap before
{Heap before GC invocations=954 (full 775):
 PSYoungGen      total 36352K, used 27135K [0x00000000f5580000, 0x00000000f8400000, 0x0000000100000000)
  eden space 27136K, 99% used [0x00000000f5580000,0x00000000f6fffff8,0x00000000f7000000)
  from space 9216K, 0% used [0x00000000f7000000,0x00000000f7000000,0x00000000f7900000)
  to   space 9216K, 0% used [0x00000000f7900000,0x00000000f7900000,0x00000000f8200000)
 ParOldGen       total 349696K, used 349696K [0x00000000e0000000, 0x00000000f5580000, 0x00000000f5580000)
  object space 349696K, 100% used [0x00000000e0000000,0x00000000f5580000,0x00000000f5580000)
 Metaspace       used 62016K, committed 62912K, reserved 1105920K
  class space    used 5999K, committed 6400K, reserved 1048576K
}
Event: 1157.497 GC heap after
{Heap after GC invocations=954 (full 775):
 PSYoungGen      total 36352K, used 27135K [0x00000000f5580000, 0x00000000f8400000, 0x0000000100000000)
  eden space 27136K, 99% used [0x00000000f5580000,0x00000000f6ffff48,0x00000000f7000000)
  from space 9216K, 0% used [0x00000000f7900000,0x00000000f7900000,0x00000000f8200000)
  to   space 9216K, 0% used [0x00000000f7000000,0x00000000f7000000,0x00000000f7900000)
 ParOldGen       total 349696K, used 349696K [0x00000000e0000000, 0x00000000f5580000, 0x00000000f5580000)
  object space 349696K, 100% used [0x00000000e0000000,0x00000000f5580000,0x00000000f5580000)
 Metaspace       used 62016K, committed 62912K, reserved 1105920K
  class space    used 5999K, committed 6400K, reserved 1048576K
}
Event: 1157.504 GC heap before
{Heap before GC invocations=955 (full 776):
 PSYoungGen      total 36352K, used 27135K [0x00000000f5580000, 0x00000000f8400000, 0x0000000100000000)
  eden space 27136K, 99% used [0x00000000f5580000,0x00000000f6fffff0,0x00000000f7000000)
  from space 9216K, 0% used [0x00000000f7900000,0x00000000f7900000,0x00000000f8200000)
  to   space 9216K, 0% used [0x00000000f7000000,0x00000000f7000000,0x00000000f7900000)
 ParOldGen       total 349696K, used 349696K [0x00000000e0000000, 0x00000000f5580000, 0x00000000f5580000)
  object space 349696K, 100% used [0x00000000e0000000,0x00000000f5580000,0x00000000f5580000)
 Metaspace       used 62016K, committed 62912K, reserved 1105920K
  class space    used 5999K, committed 6400K, reserved 1048576K
}
Event: 1158.966 GC heap after
{Heap after GC invocations=955 (full 776):
 PSYoungGen      total 36352K, used 27135K [0x00000000f5580000, 0x00000000f8400000, 0x0000000100000000)
  eden space 27136K, 99% used [0x00000000f5580000,0x00000000f6fffff0,0x00000000f7000000)
  from space 9216K, 0% used [0x00000000f7000000,0x00000000f7000000,0x00000000f7900000)
  to   space 9216K, 0% used [0x00000000f7900000,0x00000000f7900000,0x00000000f8200000)
 ParOldGen       total 349696K, used 349696K [0x00000000e0000000, 0x00000000f5580000, 0x00000000f5580000)
  object space 349696K, 100% used [0x00000000e0000000,0x00000000f5580000,0x00000000f5580000)
 Metaspace       used 62016K, committed 62912K, reserved 1105920K
  class space    used 5999K, committed 6400K, reserved 1048576K
}
Event: 1158.966 GC heap before
{Heap before GC invocations=956 (full 777):
 PSYoungGen      total 36352K, used 27135K [0x00000000f5580000, 0x00000000f8400000, 0x0000000100000000)
  eden space 27136K, 99% used [0x00000000f5580000,0x00000000f6fffff0,0x00000000f7000000)
  from space 9216K, 0% used [0x00000000f7000000,0x00000000f7000000,0x00000000f7900000)
  to   space 9216K, 0% used [0x00000000f7900000,0x00000000f7900000,0x00000000f8200000)
 ParOldGen       total 349696K, used 349696K [0x00000000e0000000, 0x00000000f5580000, 0x00000000f5580000)
  object space 349696K, 100% used [0x00000000e0000000,0x00000000f5580000,0x00000000f5580000)
 Metaspace       used 62016K, committed 62912K, reserved 1105920K
  class space    used 5999K, committed 6400K, reserved 1048576K
}
Event: 1160.600 GC heap after
{Heap after GC invocations=956 (full 777):
 PSYoungGen      total 36352K, used 27135K [0x00000000f5580000, 0x00000000f8400000, 0x0000000100000000)
  eden space 27136K, 99% used [0x00000000f5580000,0x00000000f6fffff0,0x00000000f7000000)
  from space 9216K, 0% used [0x00000000f7900000,0x00000000f7900000,0x00000000f8200000)
  to   space 9216K, 0% used [0x00000000f7000000,0x00000000f7000000,0x00000000f7900000)
 ParOldGen       total 349696K, used 349696K [0x00000000e0000000, 0x00000000f5580000, 0x00000000f5580000)
  object space 349696K, 100% used [0x00000000e0000000,0x00000000f5580000,0x00000000f5580000)
 Metaspace       used 62016K, committed 62912K, reserved 1105920K
  class space    used 5999K, committed 6400K, reserved 1048576K
}
Event: 1160.602 GC heap before
{Heap before GC invocations=957 (full 778):
 PSYoungGen      total 36352K, used 27135K [0x00000000f5580000, 0x00000000f8400000, 0x0000000100000000)
  eden space 27136K, 99% used [0x00000000f5580000,0x00000000f6fffff0,0x00000000f7000000)
  from space 9216K, 0% used [0x00000000f7900000,0x00000000f7900000,0x00000000f8200000)
  to   space 9216K, 0% used [0x00000000f7000000,0x00000000f7000000,0x00000000f7900000)
 ParOldGen       total 349696K, used 349696K [0x00000000e0000000, 0x00000000f5580000, 0x00000000f5580000)
  object space 349696K, 100% used [0x00000000e0000000,0x00000000f5580000,0x00000000f5580000)
 Metaspace       used 62016K, committed 62912K, reserved 1105920K
  class space    used 5999K, committed 6400K, reserved 1048576K
}
Event: 1162.369 GC heap after
{Heap after GC invocations=957 (full 778):
 PSYoungGen      total 36352K, used 27135K [0x00000000f5580000, 0x00000000f8400000, 0x0000000100000000)
  eden space 27136K, 99% used [0x00000000f5580000,0x00000000f6fffed8,0x00000000f7000000)
  from space 9216K, 0% used [0x00000000f7000000,0x00000000f7000000,0x00000000f7900000)
  to   space 9216K, 0% used [0x00000000f7900000,0x00000000f7900000,0x00000000f8200000)
 ParOldGen       total 349696K, used 349695K [0x00000000e0000000, 0x00000000f5580000, 0x00000000f5580000)
  object space 349696K, 99% used [0x00000000e0000000,0x00000000f557fcd0,0x00000000f5580000)
 Metaspace       used 62016K, committed 62912K, reserved 1105920K
  class space    used 5999K, committed 6400K, reserved 1048576K
}
Event: 1162.370 GC heap before
{Heap before GC invocations=958 (full 779):
 PSYoungGen      total 36352K, used 27135K [0x00000000f5580000, 0x00000000f8400000, 0x0000000100000000)
  eden space 27136K, 99% used [0x00000000f5580000,0x00000000f6fffff8,0x00000000f7000000)
  from space 9216K, 0% used [0x00000000f7000000,0x00000000f7000000,0x00000000f7900000)
  to   space 9216K, 0% used [0x00000000f7900000,0x00000000f7900000,0x00000000f8200000)
 ParOldGen       total 349696K, used 349695K [0x00000000e0000000, 0x00000000f5580000, 0x00000000f5580000)
  object space 349696K, 99% used [0x00000000e0000000,0x00000000f557fcd0,0x00000000f5580000)
 Metaspace       used 62016K, committed 62912K, reserved 1105920K
  class space    used 5999K, committed 6400K, reserved 1048576K
}
Event: 1163.902 GC heap after
{Heap after GC invocations=958 (full 779):
 PSYoungGen      total 36352K, used 27135K [0x00000000f5580000, 0x00000000f8400000, 0x0000000100000000)
  eden space 27136K, 99% used [0x00000000f5580000,0x00000000f6fffff8,0x00000000f7000000)
  from space 9216K, 0% used [0x00000000f7900000,0x00000000f7900000,0x00000000f8200000)
  to   space 9216K, 0% used [0x00000000f7000000,0x00000000f7000000,0x00000000f7900000)
 ParOldGen       total 349696K, used 349695K [0x00000000e0000000, 0x00000000f5580000, 0x00000000f5580000)
  object space 349696K, 99% used [0x00000000e0000000,0x00000000f557fcd0,0x00000000f5580000)
 Metaspace       used 62016K, committed 62912K, reserved 1105920K
  class space    used 5999K, committed 6400K, reserved 1048576K
}
Event: 1163.903 GC heap before
{Heap before GC invocations=959 (full 780):
 PSYoungGen      total 36352K, used 27135K [0x00000000f5580000, 0x00000000f8400000, 0x0000000100000000)
  eden space 27136K, 99% used [0x00000000f5580000,0x00000000f6fffff8,0x00000000f7000000)
  from space 9216K, 0% used [0x00000000f7900000,0x00000000f7900000,0x00000000f8200000)
  to   space 9216K, 0% used [0x00000000f7000000,0x00000000f7000000,0x00000000f7900000)
 ParOldGen       total 349696K, used 349695K [0x00000000e0000000, 0x00000000f5580000, 0x00000000f5580000)
  object space 349696K, 99% used [0x00000000e0000000,0x00000000f557ffd8,0x00000000f5580000)
 Metaspace       used 62016K, committed 62912K, reserved 1105920K
  class space    used 5999K, committed 6400K, reserved 1048576K
}
Event: 1165.356 GC heap after
{Heap after GC invocations=959 (full 780):
 PSYoungGen      total 36352K, used 27135K [0x00000000f5580000, 0x00000000f8400000, 0x0000000100000000)
  eden space 27136K, 99% used [0x00000000f5580000,0x00000000f6fffed8,0x00000000f7000000)
  from space 9216K, 0% used [0x00000000f7000000,0x00000000f7000000,0x00000000f7900000)
  to   space 9216K, 0% used [0x00000000f7900000,0x00000000f7900000,0x00000000f8200000)
 ParOldGen       total 349696K, used 349695K [0x00000000e0000000, 0x00000000f5580000, 0x00000000f5580000)
  object space 349696K, 99% used [0x00000000e0000000,0x00000000f557fd58,0x00000000f5580000)
 Metaspace       used 62016K, committed 62912K, reserved 1105920K
  class space    used 5999K, committed 6400K, reserved 1048576K
}
Event: 1165.356 GC heap before
{Heap before GC invocations=960 (full 781):
 PSYoungGen      total 36352K, used 27135K [0x00000000f5580000, 0x00000000f8400000, 0x0000000100000000)
  eden space 27136K, 99% used [0x00000000f5580000,0x00000000f6ffffd0,0x00000000f7000000)
  from space 9216K, 0% used [0x00000000f7000000,0x00000000f7000000,0x00000000f7900000)
  to   space 9216K, 0% used [0x00000000f7900000,0x00000000f7900000,0x00000000f8200000)
 ParOldGen       total 349696K, used 349695K [0x00000000e0000000, 0x00000000f5580000, 0x00000000f5580000)
  object space 349696K, 99% used [0x00000000e0000000,0x00000000f557fd58,0x00000000f5580000)
 Metaspace       used 62016K, committed 62912K, reserved 1105920K
  class space    used 5999K, committed 6400K, reserved 1048576K
}
Event: 1166.776 GC heap after
{Heap after GC invocations=960 (full 781):
 PSYoungGen      total 36352K, used 27135K [0x00000000f5580000, 0x00000000f8400000, 0x0000000100000000)
  eden space 27136K, 99% used [0x00000000f5580000,0x00000000f6ffffa0,0x00000000f7000000)
  from space 9216K, 0% used [0x00000000f7900000,0x00000000f7900000,0x00000000f8200000)
  to   space 9216K, 0% used [0x00000000f7000000,0x00000000f7000000,0x00000000f7900000)
 ParOldGen       total 349696K, used 349695K [0x00000000e0000000, 0x00000000f5580000, 0x00000000f5580000)
  object space 349696K, 99% used [0x00000000e0000000,0x00000000f557fd58,0x00000000f5580000)
 Metaspace       used 62016K, committed 62912K, reserved 1105920K
  class space    used 5999K, committed 6400K, reserved 1048576K
}
Event: 1166.777 GC heap before
{Heap before GC invocations=961 (full 782):
 PSYoungGen      total 36352K, used 27135K [0x00000000f5580000, 0x00000000f8400000, 0x0000000100000000)
  eden space 27136K, 99% used [0x00000000f5580000,0x00000000f6fffff8,0x00000000f7000000)
  from space 9216K, 0% used [0x00000000f7900000,0x00000000f7900000,0x00000000f8200000)
  to   space 9216K, 0% used [0x00000000f7000000,0x00000000f7000000,0x00000000f7900000)
 ParOldGen       total 349696K, used 349696K [0x00000000e0000000, 0x00000000f5580000, 0x00000000f5580000)
  object space 349696K, 100% used [0x00000000e0000000,0x00000000f5580000,0x00000000f5580000)
 Metaspace       used 62016K, committed 62912K, reserved 1105920K
  class space    used 5999K, committed 6400K, reserved 1048576K
}
Event: 1168.368 GC heap after
{Heap after GC invocations=961 (full 782):
 PSYoungGen      total 36352K, used 27135K [0x00000000f5580000, 0x00000000f8400000, 0x0000000100000000)
  eden space 27136K, 99% used [0x00000000f5580000,0x00000000f6ffff30,0x00000000f7000000)
  from space 9216K, 0% used [0x00000000f7000000,0x00000000f7000000,0x00000000f7900000)
  to   space 9216K, 0% used [0x00000000f7900000,0x00000000f7900000,0x00000000f8200000)
 ParOldGen       total 349696K, used 349695K [0x00000000e0000000, 0x00000000f5580000, 0x00000000f5580000)
  object space 349696K, 99% used [0x00000000e0000000,0x00000000f557ff40,0x00000000f5580000)
 Metaspace       used 62016K, committed 62912K, reserved 1105920K
  class space    used 5999K, committed 6400K, reserved 1048576K
}
Event: 1168.369 GC heap before
{Heap before GC invocations=962 (full 783):
 PSYoungGen      total 36352K, used 27135K [0x00000000f5580000, 0x00000000f8400000, 0x0000000100000000)
  eden space 27136K, 99% used [0x00000000f5580000,0x00000000f6ffffe8,0x00000000f7000000)
  from space 9216K, 0% used [0x00000000f7000000,0x00000000f7000000,0x00000000f7900000)
  to   space 9216K, 0% used [0x00000000f7900000,0x00000000f7900000,0x00000000f8200000)
 ParOldGen       total 349696K, used 349695K [0x00000000e0000000, 0x00000000f5580000, 0x00000000f5580000)
  object space 349696K, 99% used [0x00000000e0000000,0x00000000f557ff40,0x00000000f5580000)
 Metaspace       used 62016K, committed 62912K, reserved 1105920K
  class space    used 5999K, committed 6400K, reserved 1048576K
}
Event: 1169.874 GC heap after
{Heap after GC invocations=962 (full 783):
 PSYoungGen      total 36352K, used 27135K [0x00000000f5580000, 0x00000000f8400000, 0x0000000100000000)
  eden space 27136K, 99% used [0x00000000f5580000,0x00000000f6ffff78,0x00000000f7000000)
  from space 9216K, 0% used [0x00000000f7900000,0x00000000f7900000,0x00000000f8200000)
  to   space 9216K, 0% used [0x00000000f7000000,0x00000000f7000000,0x00000000f7900000)
 ParOldGen       total 349696K, used 349695K [0x00000000e0000000, 0x00000000f5580000, 0x00000000f5580000)
  object space 349696K, 99% used [0x00000000e0000000,0x00000000f557ff40,0x00000000f5580000)
 Metaspace       used 62016K, committed 62912K, reserved 1105920K
  class space    used 5999K, committed 6400K, reserved 1048576K
}
Event: 1169.874 GC heap before
{Heap before GC invocations=963 (full 784):
 PSYoungGen      total 36352K, used 27135K [0x00000000f5580000, 0x00000000f8400000, 0x0000000100000000)
  eden space 27136K, 99% used [0x00000000f5580000,0x00000000f6ffff78,0x00000000f7000000)
  from space 9216K, 0% used [0x00000000f7900000,0x00000000f7900000,0x00000000f8200000)
  to   space 9216K, 0% used [0x00000000f7000000,0x00000000f7000000,0x00000000f7900000)
 ParOldGen       total 349696K, used 349695K [0x00000000e0000000, 0x00000000f5580000, 0x00000000f5580000)
  object space 349696K, 99% used [0x00000000e0000000,0x00000000f557ff40,0x00000000f5580000)
 Metaspace       used 62016K, committed 62912K, reserved 1105920K
  class space    used 5999K, committed 6400K, reserved 1048576K
}
Event: 1171.553 GC heap after
{Heap after GC invocations=963 (full 784):
 PSYoungGen      total 36352K, used 27135K [0x00000000f5580000, 0x00000000f8400000, 0x0000000100000000)
  eden space 27136K, 99% used [0x00000000f5580000,0x00000000f6ffff78,0x00000000f7000000)
  from space 9216K, 0% used [0x00000000f7000000,0x00000000f7000000,0x00000000f7900000)
  to   space 9216K, 0% used [0x00000000f7900000,0x00000000f7900000,0x00000000f8200000)
 ParOldGen       total 349696K, used 349695K [0x00000000e0000000, 0x00000000f5580000, 0x00000000f5580000)
  object space 349696K, 99% used [0x00000000e0000000,0x00000000f557ff40,0x00000000f5580000)
 Metaspace       used 62016K, committed 62912K, reserved 1105920K
  class space    used 5999K, committed 6400K, reserved 1048576K
}

Dll operation events (9 events):
Event: 0.002 Loaded shared library /nix/store/gpxl5qgg8kicmcvivwmybwjlpf7wh20l-graalvm17-ce-22.3.0/lib/libjava.so
Event: 0.007 Loaded shared library /nix/store/gpxl5qgg8kicmcvivwmybwjlpf7wh20l-graalvm17-ce-22.3.0/lib/libjsvml.so
Event: 0.175 Loaded shared library /nix/store/gpxl5qgg8kicmcvivwmybwjlpf7wh20l-graalvm17-ce-22.3.0/lib/libnio.so
Event: 0.177 Loaded shared library /nix/store/gpxl5qgg8kicmcvivwmybwjlpf7wh20l-graalvm17-ce-22.3.0/lib/libjvmcicompiler.so
Event: 0.186 Loaded shared library /nix/store/gpxl5qgg8kicmcvivwmybwjlpf7wh20l-graalvm17-ce-22.3.0/lib/libzip.so
Event: 0.483 Loaded shared library /nix/store/gpxl5qgg8kicmcvivwmybwjlpf7wh20l-graalvm17-ce-22.3.0/lib/libjimage.so
Event: 1.072 Loaded shared library /nix/store/gpxl5qgg8kicmcvivwmybwjlpf7wh20l-graalvm17-ce-22.3.0/lib/libnet.so
Event: 4.378 Loaded shared library /home/runner/.cache/jdt-language-server/config/org.eclipse.equinox.launcher/org.eclipse.equinox.launcher.gtk.linux.x86_64_1.2.400.v20211117-0650/eclipse_11600.so
Event: 12.859 Loaded shared library /nix/store/gpxl5qgg8kicmcvivwmybwjlpf7wh20l-graalvm17-ce-22.3.0/lib/libextnet.so

Deoptimization events (20 events):
Event: 361.081 Thread 0x00007f5ab0420920 Uncommon trap: trap_request=0xffffffcd fr.pc=0x00007f5a9f20278a relative=0x000000000000188a
Event: 361.081 Thread 0x00007f5ab0420920 Uncommon trap: reason=intrinsic_or_type_checked_inlining action=reinterpret pc=0x00007f5a9f20278a method=java.util.concurrent.ConcurrentHashMap.computeIfAbsent(Ljava/lang/Object;Ljava/util/function/Function;)Ljava/lang/Object; @ 20 jvmci
Event: 361.081 Thread 0x00007f5ab0420920 DEOPT PACKING pc=0x00007f5a9f20278a sp=0x00007f5a5e5fdec0
Event: 361.081 Thread 0x00007f5ab0420920 DEOPT UNPACKING pc=0x00007f5a97505325 sp=0x00007f5a5e5fd360 mode 3
Event: 682.778 Thread 0x00007f5a20156a10 Uncommon trap: trap_request=0xffffffcd fr.pc=0x00007f5a9f1c37c2 relative=0x00000000000006a2
Event: 682.778 Thread 0x00007f5a20156a10 Uncommon trap: reason=intrinsic_or_type_checked_inlining action=reinterpret pc=0x00007f5a9f1c37c2 method=org.eclipse.jdt.internal.core.JavaElement.getElementInfo()Ljava/lang/Object; @ 5 jvmci
Event: 682.778 Thread 0x00007f5a20156a10 DEOPT PACKING pc=0x00007f5a9f1c37c2 sp=0x00007f5a5e3fdcb0
Event: 682.778 Thread 0x00007f5a20156a10 DEOPT UNPACKING pc=0x00007f5a97505325 sp=0x00007f5a5e3fd110 mode 3
Event: 782.601 Thread 0x00007f5a20156a10 Uncommon trap: trap_request=0xffffffcd fr.pc=0x00007f5a9f17fd56 relative=0x0000000000000236
Event: 782.601 Thread 0x00007f5a20156a10 Uncommon trap: reason=intrinsic_or_type_checked_inlining action=reinterpret pc=0x00007f5a9f17fd56 method=org.eclipse.jdt.internal.compiler.parser.Scanner.isInModuleDeclaration()Z @ 0 jvmci
Event: 782.601 Thread 0x00007f5a20156a10 DEOPT PACKING pc=0x00007f5a9f17fd56 sp=0x00007f5a5e3fdd90
Event: 782.602 Thread 0x00007f5a20156a10 DEOPT UNPACKING pc=0x00007f5a97505325 sp=0x00007f5a5e3fd240 mode 3
Event: 820.652 Thread 0x00007f5a20156a10 Uncommon trap: trap_request=0xffffffed fr.pc=0x00007f5a9f1a2cda relative=0x000000000000021a
Event: 820.652 Thread 0x00007f5a20156a10 Uncommon trap: reason=null_assert_or_unreached0 action=reinterpret pc=0x00007f5a9f1a2cda method=org.eclipse.jdt.internal.compiler.parser.Parser.isParsingModuleDeclaration()Z @ 0 jvmci
Event: 820.652 Thread 0x00007f5a20156a10 DEOPT PACKING pc=0x00007f5a9f1a2cda sp=0x00007f5a5e3fdbe0
Event: 820.652 Thread 0x00007f5a20156a10 DEOPT UNPACKING pc=0x00007f5a97505325 sp=0x00007f5a5e3fd090 mode 3
Event: 1150.270 Thread 0x00007f5a20156a10 Uncommon trap: trap_request=0xffffff8f fr.pc=0x00007f5a9efa62cd relative=0x000000000000066d
Event: 1150.270 Thread 0x00007f5a20156a10 Uncommon trap: reason=constraint action=none pc=0x00007f5a9efa62cd method=java.util.HashMap.resize()[Ljava/util/HashMap$Node; @ 131 jvmci
Event: 1150.270 Thread 0x00007f5a20156a10 DEOPT PACKING pc=0x00007f5a9efa62cd sp=0x00007f5a5e3fd9b0
Event: 1150.270 Thread 0x00007f5a20156a10 DEOPT UNPACKING pc=0x00007f5a97505325 sp=0x00007f5a5e3fce08 mode 3

Classes unloaded (20 events):
Event: 158.363 Thread 0x00007f5ab00a1bf0 Unloading class 0x0000000800ee8000 'jdk/internal/reflect/GeneratedConstructorAccessor8'
Event: 164.672 Thread 0x00007f5ab00a1bf0 Unloading class 0x000000080106d400 'java/lang/invoke/LambdaForm$MH+0x000000080106d400'
Event: 164.673 Thread 0x00007f5ab00a1bf0 Unloading class 0x000000080106d000 'java/lang/invoke/LambdaForm$MH+0x000000080106d000'
Event: 164.673 Thread 0x00007f5ab00a1bf0 Unloading class 0x000000080106cc00 'java/lang/invoke/LambdaForm$MH+0x000000080106cc00'
Event: 164.673 Thread 0x00007f5ab00a1bf0 Unloading class 0x000000080106c800 'java/lang/invoke/LambdaForm$MH+0x000000080106c800'
Event: 164.673 Thread 0x00007f5ab00a1bf0 Unloading class 0x000000080106c400 'java/lang/invoke/LambdaForm$MH+0x000000080106c400'
Event: 164.673 Thread 0x00007f5ab00a1bf0 Unloading class 0x000000080106c000 'java/lang/invoke/LambdaForm$MH+0x000000080106c000'
Event: 164.673 Thread 0x00007f5ab00a1bf0 Unloading class 0x0000000800d98400 'java/lang/invoke/LambdaForm$MH+0x0000000800d98400'
Event: 164.673 Thread 0x00007f5ab00a1bf0 Unloading class 0x0000000800d04000 'java/lang/invoke/LambdaForm$MH+0x0000000800d04000'
Event: 170.791 Thread 0x00007f5ab00a1bf0 Unloading class 0x0000000801099400 'jdk/internal/reflect/GeneratedSerializationConstructorAccessor4'
Event: 170.791 Thread 0x00007f5ab00a1bf0 Unloading class 0x0000000801099000 'jdk/internal/reflect/GeneratedSerializationConstructorAccessor3'
Event: 170.791 Thread 0x00007f5ab00a1bf0 Unloading class 0x0000000801098c00 'jdk/internal/reflect/GeneratedSerializationConstructorAccessor2'
Event: 170.791 Thread 0x00007f5ab00a1bf0 Unloading class 0x0000000801098800 'jdk/internal/reflect/GeneratedSerializationConstructorAccessor1'
Event: 185.793 Thread 0x00007f5ab00a1bf0 Unloading class 0x0000000801168800 'jdk/internal/reflect/GeneratedConstructorAccessor35'
Event: 185.793 Thread 0x00007f5ab00a1bf0 Unloading class 0x0000000801168400 'jdk/internal/reflect/GeneratedConstructorAccessor34'
Event: 185.793 Thread 0x00007f5ab00a1bf0 Unloading class 0x0000000801168000 'jdk/internal/reflect/GeneratedConstructorAccessor33'
Event: 185.793 Thread 0x00007f5ab00a1bf0 Unloading class 0x0000000801160c00 'jdk/internal/reflect/GeneratedConstructorAccessor32'
Event: 185.793 Thread 0x00007f5ab00a1bf0 Unloading class 0x0000000801160800 'jdk/internal/reflect/GeneratedConstructorAccessor31'
Event: 203.982 Thread 0x00007f5ab00a1bf0 Unloading class 0x0000000801238800 'jdk/internal/reflect/GeneratedConstructorAccessor41'
Event: 205.292 Thread 0x00007f5ab00a1bf0 Unloading class 0x0000000801238400 'jdk/internal/reflect/GeneratedConstructorAccessor40'

Classes redefined (0 events):
No events

Internal exceptions (20 events):
Event: 40.476 Thread 0x00007f5a380010d0 Exception <a 'sun/nio/fs/UnixException'{0x00000000f5be06c0}> (0x00000000f5be06c0) 
thrown [src/hotspot/share/prims/jni.cpp, line 516]
Event: 40.477 Thread 0x00007f5a380010d0 Exception <a 'sun/nio/fs/UnixException'{0x00000000f5be5760}> (0x00000000f5be5760) 
thrown [src/hotspot/share/prims/jni.cpp, line 516]
Event: 40.477 Thread 0x00007f5a380010d0 Exception <a 'sun/nio/fs/UnixException'{0x00000000f5be6500}> (0x00000000f5be6500) 
thrown [src/hotspot/share/prims/jni.cpp, line 516]
Event: 40.591 Thread 0x00007f5a380010d0 Exception <a 'sun/nio/fs/UnixException'{0x00000000f55fbc88}> (0x00000000f55fbc88) 
thrown [src/hotspot/share/prims/jni.cpp, line 516]
Event: 40.591 Thread 0x00007f5a380010d0 Exception <a 'sun/nio/fs/UnixException'{0x00000000f563ec90}> (0x00000000f563ec90) 
thrown [src/hotspot/share/prims/jni.cpp, line 516]
Event: 40.592 Thread 0x00007f5a380010d0 Exception <a 'sun/nio/fs/UnixException'{0x00000000f5660068}> (0x00000000f5660068) 
thrown [src/hotspot/share/prims/jni.cpp, line 516]
Event: 40.593 Thread 0x00007f5a380010d0 Exception <a 'sun/nio/fs/UnixException'{0x00000000f56f7948}> (0x00000000f56f7948) 
thrown [src/hotspot/share/prims/jni.cpp, line 516]
Event: 41.088 Thread 0x00007f5a20158c00 Exception <a 'java/lang/ArrayIndexOutOfBoundsException'{0x00000000f5588e08}: Index 3335 out of bounds for length 3335> (0x00000000f5588e08) 
thrown [src/hotspot/share/interpreter/interpreterRuntime.cpp, line 428]
Event: 41.088 Thread 0x00007f5a20158c00 Exception <a 'java/lang/ArrayIndexOutOfBoundsException'{0x00000000f5589480}: Index 3335 out of bounds for length 3335> (0x00000000f5589480) 
thrown [src/hotspot/share/interpreter/interpreterRuntime.cpp, line 428]
Event: 41.088 Thread 0x00007f5a20158c00 Exception <a 'java/lang/ArrayIndexOutOfBoundsException'{0x00000000f5589830}: Index 3336 out of bounds for length 3335> (0x00000000f5589830) 
thrown [src/hotspot/share/interpreter/interpreterRuntime.cpp, line 428]
Event: 41.566 Thread 0x00007f5a380010d0 Exception <a 'sun/nio/fs/UnixException'{0x00000000f58ab898}> (0x00000000f58ab898) 
thrown [src/hotspot/share/prims/jni.cpp, line 516]
Event: 49.009 Thread 0x00007f5a20137640 Exception <a 'java/lang/ArrayIndexOutOfBoundsException'{0x00000000f558a8a8}: Index 3315 out of bounds for length 3315> (0x00000000f558a8a8) 
thrown [src/hotspot/share/interpreter/interpreterRuntime.cpp, line 428]
Event: 55.777 Thread 0x00007f5a20156a10 Exception <a 'java/lang/NoSuchMethodError'{0x00000000f5a8ec00}: 'void java.lang.invoke.DirectMethodHandle$Holder.invokeSpecial(java.lang.Object, java.lang.Object, int)'> (0x00000000f5a8ec00) 
thrown [src/hotspot/share/interpreter/linkResolver.cpp, line 758]
Event: 55.781 Thread 0x00007f5a20178bf0 Exception <a 'java/lang/NoSuchMethodError'{0x00000000f5a9d960}: 'void java.lang.invoke.DirectMethodHandle$Holder.invokeSpecial(java.lang.Object, java.lang.Object, int)'> (0x00000000f5a9d960) 
thrown [src/hotspot/share/interpreter/linkResolver.cpp, line 758]
Event: 59.625 Thread 0x00007f5a20156a10 Exception <a 'java/lang/NoSuchMethodError'{0x00000000f5806040}: 'int java.lang.invoke.DirectMethodHandle$Holder.invokeSpecialIFC(java.lang.Object, java.lang.Object, java.lang.Object, java.lang.Object)'> (0x00000000f5806040) 
thrown [src/hotspot/share/interpreter/linkResolver.cpp, line 758]
Event: 82.181 Thread 0x00007f5a48482c30 Implicit null exception at 0x00007f5a9f1d3792 to 0x00007f5a9f1d7444
Event: 1150.270 Thread 0x00007f5a20156a10 Exception <a 'java/lang/OutOfMemoryError'{0x00000000e0004618}> (0x00000000e0004618) 
thrown [src/hotspot/share/gc/shared/memAllocator.cpp, line 138]
Event: 1150.270 Thread 0x00007f5a20156a10 Implicit null exception at 0x00007f5a9efa615e to 0x00007f5a9efa62b2
Event: 1160.601 Thread 0x00007f5a38007280 Exception <a 'java/lang/OutOfMemoryError'{0x00000000e0003ad8}> (0x00000000e0003ad8) 
thrown [src/hotspot/share/gc/shared/memAllocator.cpp, line 136]
Event: 1171.553 Thread 0x00007f5ab00b21b0 Exception <a 'java/lang/OutOfMemoryError'{0x00000000e00040c8}> (0x00000000e00040c8) 
thrown [src/hotspot/share/gc/shared/memAllocator.cpp, line 136]

VM Operations (20 events):
Event: 1154.583 Executing VM operation: ParallelGCFailedAllocation done
Event: 1154.583 Executing VM operation: ParallelGCFailedAllocation
Event: 1155.954 Executing VM operation: ParallelGCFailedAllocation done
Event: 1155.954 Executing VM operation: ParallelGCFailedAllocation
Event: 1157.498 Executing VM operation: ParallelGCFailedAllocation done
Event: 1157.502 Executing VM operation: ParallelGCFailedAllocation
Event: 1160.600 Executing VM operation: ParallelGCFailedAllocation done
Event: 1160.601 Executing VM operation: ParallelGCFailedAllocation
Event: 1162.369 Executing VM operation: ParallelGCFailedAllocation done
Event: 1162.370 Executing VM operation: ParallelGCFailedAllocation
Event: 1163.902 Executing VM operation: ParallelGCFailedAllocation done
Event: 1163.903 Executing VM operation: ParallelGCFailedAllocation
Event: 1165.356 Executing VM operation: ParallelGCFailedAllocation done
Event: 1165.356 Executing VM operation: ParallelGCFailedAllocation
Event: 1166.777 Executing VM operation: ParallelGCFailedAllocation done
Event: 1166.777 Executing VM operation: ParallelGCFailedAllocation
Event: 1168.369 Executing VM operation: ParallelGCFailedAllocation done
Event: 1168.369 Executing VM operation: ParallelGCFailedAllocation
Event: 1171.553 Executing VM operation: ParallelGCFailedAllocation done
Event: 1171.553 Executing VM operation: ParallelGCFailedAllocation

Events (20 events):
Event: 93.755 Thread 0x00007f5ab00b4b10 flushing nmethod 0x00007f5a98ce8a10
Event: 93.755 Thread 0x00007f5ab00b4b10 flushing nmethod 0x00007f5a98ce9790
Event: 93.755 Thread 0x00007f5ab00b4b10 flushing nmethod 0x00007f5a98cea790
Event: 93.755 Thread 0x00007f5ab00b4b10 flushing nmethod 0x00007f5a98ceb790
Event: 133.001 Thread 0x00007f5a14000ff0 Thread exited: 0x00007f5a14000ff0
Event: 138.792 Thread 0x00007f5a04041520 Thread exited: 0x00007f5a04041520
Event: 140.198 Thread 0x00007f5a18018e60 Thread exited: 0x00007f5a18018e60
Event: 154.192 Thread 0x00007f5a1c001130 Thread exited: 0x00007f5a1c001130
Event: 491.568 Thread 0x00007f5a20156a10 Thread added: 0x00007f5a20156a10
Event: 491.568 Protecting memory [0x00007f5a5e300000,0x00007f5a5e304000] with protection modes 0
Event: 568.991 Thread 0x00007f5a2015c6e0 Thread added: 0x00007f5a2015c6e0
Event: 568.991 Protecting memory [0x00007f5a5df00000,0x00007f5a5df04000] with protection modes 0
Event: 607.805 Thread 0x00007f5a20157b00 Thread added: 0x00007f5a20157b00
Event: 607.805 Protecting memory [0x00007f5a5cd00000,0x00007f5a5cd04000] with protection modes 0
Event: 883.958 Thread 0x00007f5a20169bf0 Thread added: 0x00007f5a20169bf0
Event: 883.958 Protecting memory [0x00007f5a5e100000,0x00007f5a5e104000] with protection modes 0
Event: 889.775 Thread 0x00007f5a380722e0 Thread added: 0x00007f5a380722e0
Event: 889.775 Protecting memory [0x00007f5a5c200000,0x00007f5a5c204000] with protection modes 0
Event: 943.672 Thread 0x00007f5a380722e0 Thread exited: 0x00007f5a380722e0
Event: 961.557 Thread 0x00007f5a2015c6e0 Thread exited: 0x00007f5a2015c6e0


Dynamic libraries:
e0000000-f5580000 rw-p 00000000 00:00 0 
f5580000-f8400000 rw-p 00000000 00:00 0 
f8400000-100000000 ---p 00000000 00:00 0 
800000000-800449000 rw-p 00001000 00:f2d 4611686019135357769             /nix/store/gpxl5qgg8kicmcvivwmybwjlpf7wh20l-graalvm17-ce-22.3.0/lib/server/classes.jsa
800449000-800bc8000 r--p 0044a000 00:f2d 4611686019135357769             /nix/store/gpxl5qgg8kicmcvivwmybwjlpf7wh20l-graalvm17-ce-22.3.0/lib/server/classes.jsa
800bc8000-800c00000 ---p 00000000 00:00 0 
800c00000-800c20000 rw-p 00000000 00:00 0 
800c20000-800c40000 rw-p 00000000 00:00 0 
800c40000-800cc0000 rw-p 00000000 00:00 0 
800cc0000-800d00000 rw-p 00000000 00:00 0 
800d00000-800dc0000 rw-p 00000000 00:00 0 
800dc0000-800e00000 rw-p 00000000 00:00 0 
800e00000-800f40000 rw-p 00000000 00:00 0 
800f40000-800ff0000 rw-p 00000000 00:00 0 
800ff0000-801000000 ---p 00000000 00:00 0 
801000000-801250000 rw-p 00000000 00:00 0 
801250000-840c00000 ---p 00000000 00:00 0 
555fd90fd000-555fd90fe000 r-xp 00000000 00:f2d 4611686019099417844       /nix/store/gpxl5qgg8kicmcvivwmybwjlpf7wh20l-graalvm17-ce-22.3.0/bin/.java-wrapped
555fd90ff000-555fd9100000 r--p 00001000 00:f2d 4611686019099417844       /nix/store/gpxl5qgg8kicmcvivwmybwjlpf7wh20l-graalvm17-ce-22.3.0/bin/.java-wrapped
555fd9100000-555fd9101000 rw-p 00002000 00:f2d 4611686019099417844       /nix/store/gpxl5qgg8kicmcvivwmybwjlpf7wh20l-graalvm17-ce-22.3.0/bin/.java-wrapped
555fd9101000-555fd9102000 rw-p 00004000 00:f2d 4611686019099417844       /nix/store/gpxl5qgg8kicmcvivwmybwjlpf7wh20l-graalvm17-ce-22.3.0/bin/.java-wrapped
555fd9102000-555fd9103000 rw-p 00005000 00:f2d 4611686019099417844       /nix/store/gpxl5qgg8kicmcvivwmybwjlpf7wh20l-graalvm17-ce-22.3.0/bin/.java-wrapped
555fd9fa5000-555fd9fed000 rw-p 00000000 00:00 0                          [heap]
7f59c4000000-7f59c4021000 rw-p 00000000 00:00 0 
7f59c4021000-7f59c8000000 ---p 00000000 00:00 0 
7f59cc000000-7f59cc021000 rw-p 00000000 00:00 0 
7f59cc021000-7f59d0000000 ---p 00000000 00:00 0 
7f59d0000000-7f59d0021000 rw-p 00000000 00:00 0 
7f59d0021000-7f59d4000000 ---p 00000000 00:00 0 
7f59d4000000-7f59d4045000 rw-p 00000000 00:00 0 
7f59d4045000-7f59d8000000 ---p 00000000 00:00 0 
7f59d8000000-7f59d8021000 rw-p 00000000 00:00 0 
7f59d8021000-7f59dc000000 ---p 00000000 00:00 0 
7f59dc000000-7f59dc021000 rw-p 00000000 00:00 0 
7f59dc021000-7f59e0000000 ---p 00000000 00:00 0 
7f59e0000000-7f59e003b000 rw-p 00000000 00:00 0 
7f59e003b000-7f59e4000000 ---p 00000000 00:00 0 
7f59e4000000-7f59e4021000 rw-p 00000000 00:00 0 
7f59e4021000-7f59e8000000 ---p 00000000 00:00 0 
7f59e8000000-7f59e8021000 rw-p 00000000 00:00 0 
7f59e8021000-7f59ec000000 ---p 00000000 00:00 0 
7f59ec000000-7f59ec060000 rw-p 00000000 00:00 0 
7f59ec060000-7f59f0000000 ---p 00000000 00:00 0 
7f59f0000000-7f59f0042000 rw-p 00000000 00:00 0 
7f59f0042000-7f59f4000000 ---p 00000000 00:00 0 
7f59f4000000-7f59f4021000 rw-p 00000000 00:00 0 
7f59f4021000-7f59f8000000 ---p 00000000 00:00 0 
7f59f8000000-7f59f80a1000 rw-p 00000000 00:00 0 
7f59f80a1000-7f59fc000000 ---p 00000000 00:00 0 
7f59fc000000-7f59fc03a000 rw-p 00000000 00:00 0 
7f59fc03a000-7f5a00000000 ---p 00000000 00:00 0 
7f5a00000000-7f5a00021000 rw-p 00000000 00:00 0 
7f5a00021000-7f5a04000000 ---p 00000000 00:00 0 
7f5a04000000-7f5a04064000 rw-p 00000000 00:00 0 
7f5a04064000-7f5a08000000 ---p 00000000 00:00 0 
7f5a08a00000-7f5a08b00000 ---p 00000000 00:00 0 
7f5a08b00000-7f5a090af000 r--p 01122000 00:f2d 4611686019135190040       /nix/store/gpxl5qgg8kicmcvivwmybwjlpf7wh20l-graalvm17-ce-22.3.0/lib/libjvmcicompiler.so
7f5a090af000-7f5a09200000 r--p 00000000 00:00 0 
7f5a09200000-7f5a0923d000 rw-p 00000000 00:00 0 
7f5a0923d000-7f5a0975d000 rw-p 0185f000 00:f2d 4611686019135190040       /nix/store/gpxl5qgg8kicmcvivwmybwjlpf7wh20l-graalvm17-ce-22.3.0/lib/libjvmcicompiler.so
7f5a0975d000-7f5a09b44000 r--p 01d7f000 00:f2d 4611686019135190040       /nix/store/gpxl5qgg8kicmcvivwmybwjlpf7wh20l-graalvm17-ce-22.3.0/lib/libjvmcicompiler.so
7f5a09c00000-7f5a0a2c0000 rw-p 00000000 00:00 0 
7f5a0a2c0000-7f5a0a360000 rw-p 00000000 00:00 0 
7f5a0a360000-7f5a0a400000 ---p 00000000 00:00 0 
7f5a0a4b3000-7f5a14000000 r--s 00000000 00:f2d 4611686019135192581       /nix/store/gpxl5qgg8kicmcvivwmybwjlpf7wh20l-graalvm17-ce-22.3.0/lib/modules
7f5a14000000-7f5a14138000 rw-p 00000000 00:00 0 
7f5a14138000-7f5a18000000 ---p 00000000 00:00 0 
7f5a18000000-7f5a1807f000 rw-p 00000000 00:00 0 
7f5a1807f000-7f5a1c000000 ---p 00000000 00:00 0 
7f5a1c000000-7f5a1c0e3000 rw-p 00000000 00:00 0 
7f5a1c0e3000-7f5a20000000 ---p 00000000 00:00 0 
7f5a20000000-7f5a2018c000 rw-p 00000000 00:00 0 
7f5a2018c000-7f5a24000000 ---p 00000000 00:00 0 
7f5a24000000-7f5a24021000 rw-p 00000000 00:00 0 
7f5a24021000-7f5a28000000 ---p 00000000 00:00 0 
7f5a28000000-7f5a28021000 rw-p 00000000 00:00 0 
7f5a28021000-7f5a2c000000 ---p 00000000 00:00 0 
7f5a2c000000-7f5a2c325000 rw-p 00000000 00:00 0 
7f5a2c325000-7f5a30000000 ---p 00000000 00:00 0 
7f5a30000000-7f5a30053000 rw-p 00000000 00:00 0 
7f5a30053000-7f5a34000000 ---p 00000000 00:00 0 
7f5a34000000-7f5a34021000 rw-p 00000000 00:00 0 
7f5a34021000-7f5a38000000 ---p 00000000 00:00 0 
7f5a38000000-7f5a38097000 rw-p 00000000 00:00 0 
7f5a38097000-7f5a3c000000 ---p 00000000 00:00 0 
7f5a3c000000-7f5a3c021000 rw-p 00000000 00:00 0 
7f5a3c021000-7f5a40000000 ---p 00000000 00:00 0 
7f5a40000000-7f5a400aa000 rw-p 00000000 00:00 0 
7f5a400aa000-7f5a44000000 ---p 00000000 00:00 0 
7f5a44000000-7f5a44025000 rw-p 00000000 00:00 0 
7f5a44025000-7f5a48000000 ---p 00000000 00:00 0 
7f5a48000000-7f5a488bb000 rw-p 00000000 00:00 0 
7f5a488bb000-7f5a4c000000 ---p 00000000 00:00 0 
7f5a4cc00000-7f5a4d180000 rw-p 00000000 00:00 0 
7f5a4d180000-7f5a4d1d0000 rw-p 00000000 00:00 0 
7f5a4d1d0000-7f5a4d200000 ---p 00000000 00:00 0 
7f5a4d200000-7f5a4d400000 rw-p 00000000 00:00 0 
7f5a4d400000-7f5a4d500000 rw-p 00000000 00:00 0 
7f5a4d500000-7f5a4d600000 rw-p 00000000 00:00 0 
7f5a4d600000-7f5a4daa0000 rw-p 00000000 00:00 0 
7f5a4daa0000-7f5a4dc00000 rw-p 00000000 00:00 0 
7f5a4dc00000-7f5a4dc80000 rw-p 00000000 00:00 0 
7f5a4dc80000-7f5a4dd00000 rw-p 00000000 00:00 0 
7f5a4dd00000-7f5a4df00000 rw-p 00000000 00:00 0 
7f5a4df00000-7f5a4e000000 rw-p 00000000 00:00 0 
7f5a4e000000-7f5a4e100000 rw-p 00000000 00:00 0 
7f5a4e100000-7f5a4e200000 rw-p 00000000 00:00 0 
7f5a4e200000-7f5a4e400000 rw-p 00000000 00:00 0 
7f5a4e400000-7f5a4e500000 rw-p 00000000 00:00 0 
7f5a4e500000-7f5a4e600000 rw-p 00000000 00:00 0 
7f5a4e600000-7f5a4eb80000 rw-p 00000000 00:00 0 
7f5a4eb80000-7f5a4ec00000 rw-p 00000000 00:00 0 
7f5a4ec00000-7f5a4ed00000 rw-p 00000000 00:00 0 
7f5a4ed00000-7f5a4ee00000 rw-p 00000000 00:00 0 
7f5a4ee00000-7f5a4f100000 rw-p 00000000 00:00 0 
7f5a4f100000-7f5a4f200000 rw-p 00000000 00:00 0 
7f5a4f200000-7f5a4f400000 rw-p 00000000 00:00 0 
7f5a4f600000-7f5a4f610000 r-xp 00000000 00:f20 355                       /home/runner/.cache/jdt-language-server/config/org.eclipse.equinox.launcher/org.eclipse.equinox.launcher.gtk.linux.x86_64_1.2.400.v20211117-0650/eclipse_11600.so
7f5a4f610000-7f5a4f80f000 ---p 00010000 00:f20 355                       /home/runner/.cache/jdt-language-server/config/org.eclipse.equinox.launcher/org.eclipse.equinox.launcher.gtk.linux.x86_64_1.2.400.v20211117-0650/eclipse_11600.so
7f5a4f80f000-7f5a4f810000 r--p 0000f000 00:f20 355                       /home/runner/.cache/jdt-language-server/config/org.eclipse.equinox.launcher/org.eclipse.equinox.launcher.gtk.linux.x86_64_1.2.400.v20211117-0650/eclipse_11600.so
7f5a4f810000-7f5a4f811000 rw-p 00010000 00:f20 355                       /home/runner/.cache/jdt-language-server/config/org.eclipse.equinox.launcher/org.eclipse.equinox.launcher.gtk.linux.x86_64_1.2.400.v20211117-0650/eclipse_11600.so
7f5a50000000-7f5a50021000 rw-p 00000000 00:00 0 
7f5a50021000-7f5a54000000 ---p 00000000 00:00 0 
7f5a54000000-7f5a54021000 rw-p 00000000 00:00 0 
7f5a54021000-7f5a58000000 ---p 00000000 00:00 0 
7f5a58000000-7f5a58021000 rw-p 00000000 00:00 0 
7f5a58021000-7f5a5c000000 ---p 00000000 00:00 0 
7f5a5c100000-7f5a5c104000 ---p 00000000 00:00 0 
7f5a5c104000-7f5a5c200000 rw-p 00000000 00:00 0 
7f5a5c200000-7f5a5c204000 ---p 00000000 00:00 0 
7f5a5c204000-7f5a5c300000 rw-p 00000000 00:00 0 
7f5a5c300000-7f5a5c304000 ---p 00000000 00:00 0 
7f5a5c304000-7f5a5c400000 rw-p 00000000 00:00 0 
7f5a5c500000-7f5a5c504000 ---p 00000000 00:00 0 
7f5a5c504000-7f5a5c600000 rw-p 00000000 00:00 0 
7f5a5c700000-7f5a5c704000 ---p 00000000 00:00 0 
7f5a5c704000-7f5a5c800000 rw-p 00000000 00:00 0 
7f5a5c900000-7f5a5c904000 ---p 00000000 00:00 0 
7f5a5c904000-7f5a5ca00000 rw-p 00000000 00:00 0 
7f5a5ca00000-7f5a5ca04000 ---p 00000000 00:00 0 
7f5a5ca04000-7f5a5cb00000 rw-p 00000000 00:00 0 
7f5a5cb00000-7f5a5cb04000 ---p 00000000 00:00 0 
7f5a5cb04000-7f5a5cc00000 rw-p 00000000 00:00 0 
7f5a5cd00000-7f5a5cd04000 ---p 00000000 00:00 0 
7f5a5cd04000-7f5a5ce00000 rw-p 00000000 00:00 0 
7f5a5cf00000-7f5a5cf04000 ---p 00000000 00:00 0 
7f5a5cf04000-7f5a5d000000 rw-p 00000000 00:00 0 
7f5a5d100000-7f5a5d104000 ---p 00000000 00:00 0 
7f5a5d104000-7f5a5d200000 rw-p 00000000 00:00 0 
7f5a5d300000-7f5a5d304000 ---p 00000000 00:00 0 
7f5a5d304000-7f5a5d400000 rw-p 00000000 00:00 0 
7f5a5d500000-7f5a5d504000 ---p 00000000 00:00 0 
7f5a5d504000-7f5a5d600000 rw-p 00000000 00:00 0 
7f5a5d700000-7f5a5d704000 ---p 00000000 00:00 0 
7f5a5d704000-7f5a5d800000 rw-p 00000000 00:00 0 
7f5a5d900000-7f5a5d904000 ---p 00000000 00:00 0 
7f5a5d904000-7f5a5da00000 rw-p 00000000 00:00 0 
7f5a5db00000-7f5a5db04000 ---p 00000000 00:00 0 
7f5a5db04000-7f5a5dc00000 rw-p 00000000 00:00 0 
7f5a5dd00000-7f5a5dd04000 ---p 00000000 00:00 0 
7f5a5dd04000-7f5a5de00000 rw-p 00000000 00:00 0 
7f5a5df00000-7f5a5df04000 ---p 00000000 00:00 0 
7f5a5df04000-7f5a5e000000 rw-p 00000000 00:00 0 
7f5a5e100000-7f5a5e104000 ---p 00000000 00:00 0 
7f5a5e104000-7f5a5e200000 rw-p 00000000 00:00 0 
7f5a5e200000-7f5a5e204000 ---p 00000000 00:00 0 
7f5a5e204000-7f5a5e300000 rw-p 00000000 00:00 0 
7f5a5e300000-7f5a5e304000 ---p 00000000 00:00 0 
7f5a5e304000-7f5a5e400000 rw-p 00000000 00:00 0 
7f5a5e500000-7f5a5e504000 ---p 00000000 00:00 0 
7f5a5e504000-7f5a5e600000 rw-p 00000000 00:00 0 
7f5a5e700000-7f5a5e704000 ---p 00000000 00:00 0 
7f5a5e704000-7f5a5e800000 rw-p 00000000 00:00 0 
7f5a5e900000-7f5a5e904000 ---p 00000000 00:00 0 
7f5a5e904000-7f5a5ea00000 rw-p 00000000 00:00 0 
7f5a5ea00000-7f5a5ea04000 ---p 00000000 00:00 0 
7f5a5ea04000-7f5a5eb00000 rw-p 00000000 00:00 0 
7f5a5eb00000-7f5a5eb04000 ---p 00000000 00:00 0 
7f5a5eb04000-7f5a5ec00000 rw-p 00000000 00:00 0 
7f5a5ed00000-7f5a5ed04000 ---p 00000000 00:00 0 
7f5a5ed04000-7f5a5ee00000 rw-p 00000000 00:00 0 
7f5a5fa68000-7f5a5ff00000 rw-p 00000000 00:00 0 
7f5a60000000-7f5a60021000 rw-p 00000000 00:00 0 
7f5a60021000-7f5a64000000 ---p 00000000 00:00 0 
7f5a64000000-7f5a64021000 rw-p 00000000 00:00 0 
7f5a64021000-7f5a68000000 ---p 00000000 00:00 0 
7f5a68000000-7f5a68039000 rw-p 00000000 00:00 0 
7f5a68039000-7f5a6c000000 ---p 00000000 00:00 0 
7f5a6c000000-7f5a6c021000 rw-p 00000000 00:00 0 
7f5a6c021000-7f5a70000000 ---p 00000000 00:00 0 
7f5a70000000-7f5a700d6000 rw-p 00000000 00:00 0 
7f5a700d6000-7f5a74000000 ---p 00000000 00:00 0 
7f5a74000000-7f5a74b36000 rw-p 00000000 00:00 0 
7f5a74b36000-7f5a78000000 ---p 00000000 00:00 0 
7f5a78000000-7f5a78021000 rw-p 00000000 00:00 0 
7f5a78021000-7f5a7c000000 ---p 00000000 00:00 0 
7f5a7c000000-7f5a7c021000 rw-p 00000000 00:00 0 
7f5a7c021000-7f5a80000000 ---p 00000000 00:00 0 
7f5a80000000-7f5a80021000 rw-p 00000000 00:00 0 
7f5a80021000-7f5a84000000 ---p 00000000 00:00 0 
7f5a84000000-7f5a84021000 rw-p 00000000 00:00 0 
7f5a84021000-7f5a88000000 ---p 00000000 00:00 0 
7f5a88000000-7f5a88021000 rw-p 00000000 00:00 0 
7f5a88021000-7f5a8c000000 ---p 00000000 00:00 0 
7f5a8c000000-7f5a8c021000 rw-p 00000000 00:00 0 
7f5a8c021000-7f5a90000000 ---p 00000000 00:00 0 
7f5a90000000-7f5a90134000 rw-p 00000000 00:00 0 
7f5a90134000-7f5a94000000 ---p 00000000 00:00 0 
7f5a94100000-7f5a94104000 ---p 00000000 00:00 0 
7f5a94104000-7f5a94200000 rw-p 00000000 00:00 0 
7f5a94300000-7f5a94304000 ---p 00000000 00:00 0 
7f5a94304000-7f5a94400000 rw-p 00000000 00:00 0 
7f5a94400000-7f5a94404000 ---p 00000000 00:00 0 
7f5a94404000-7f5a94500000 rw-p 00000000 00:00 0 
7f5a94500000-7f5a94504000 ---p 00000000 00:00 0 
7f5a94504000-7f5a94600000 rw-p 00000000 00:00 0 
7f5a94700000-7f5a94704000 ---p 00000000 00:00 0 
7f5a94704000-7f5a94800000 rw-p 00000000 00:00 0 
7f5a94900000-7f5a94904000 ---p 00000000 00:00 0 
7f5a94904000-7f5a94a00000 rw-p 00000000 00:00 0 
7f5a94b00000-7f5a94b04000 ---p 00000000 00:00 0 
7f5a94b04000-7f5a94c00000 rw-p 00000000 00:00 0 
7f5a94d00000-7f5a94d04000 ---p 00000000 00:00 0 
7f5a94d04000-7f5a94e00000 rw-p 00000000 00:00 0 
7f5a94e00000-7f5a94e04000 ---p 00000000 00:00 0 
7f5a94e04000-7f5a94f00000 rw-p 00000000 00:00 0 
7f5a94f00000-7f5a94f04000 ---p 00000000 00:00 0 
7f5a94f04000-7f5a95000000 rw-p 00000000 00:00 0 
7f5a95000000-7f5a9716a000 r-xp 00000000 00:f2d 4611686019135190040       /nix/store/gpxl5qgg8kicmcvivwmybwjlpf7wh20l-graalvm17-ce-22.3.0/lib/libjvmcicompiler.so
7f5a9716a000-7f5a97369000 ---p 0216a000 00:f2d 4611686019135190040       /nix/store/gpxl5qgg8kicmcvivwmybwjlpf7wh20l-graalvm17-ce-22.3.0/lib/libjvmcicompiler.so
7f5a97369000-7f5a9736a000 r--p 02169000 00:f2d 4611686019135190040       /nix/store/gpxl5qgg8kicmcvivwmybwjlpf7wh20l-graalvm17-ce-22.3.0/lib/libjvmcicompiler.so
7f5a9736a000-7f5a9736c000 rw-p 0216a000 00:f2d 4611686019135190040       /nix/store/gpxl5qgg8kicmcvivwmybwjlpf7wh20l-graalvm17-ce-22.3.0/lib/libjvmcicompiler.so
7f5a9736c000-7f5a9736d000 rw-p 00000000 00:00 0 
7f5a9736d000-7f5a97372000 rw-p 023c3000 00:f2d 4611686019135190040       /nix/store/gpxl5qgg8kicmcvivwmybwjlpf7wh20l-graalvm17-ce-22.3.0/lib/libjvmcicompiler.so
7f5a9745c000-7f5a97460000 ---p 00000000 00:00 0 
7f5a97460000-7f5a9747e000 rw-p 00000000 00:00 0 
7f5a9747e000-7f5a97493000 r-xp 00000000 00:f2d 4611686019135192570       /nix/store/gpxl5qgg8kicmcvivwmybwjlpf7wh20l-graalvm17-ce-22.3.0/lib/libnet.so
7f5a97493000-7f5a97494000 ---p 00015000 00:f2d 4611686019135192570       /nix/store/gpxl5qgg8kicmcvivwmybwjlpf7wh20l-graalvm17-ce-22.3.0/lib/libnet.so
7f5a97494000-7f5a97495000 r--p 00015000 00:f2d 4611686019135192570       /nix/store/gpxl5qgg8kicmcvivwmybwjlpf7wh20l-graalvm17-ce-22.3.0/lib/libnet.so
7f5a97495000-7f5a97496000 rw-p 00016000 00:f2d 4611686019135192570       /nix/store/gpxl5qgg8kicmcvivwmybwjlpf7wh20l-graalvm17-ce-22.3.0/lib/libnet.so
7f5a97496000-7f5a97499000 rw-p 0001b000 00:f2d 4611686019135192570       /nix/store/gpxl5qgg8kicmcvivwmybwjlpf7wh20l-graalvm17-ce-22.3.0/lib/libnet.so
7f5a97499000-7f5a974ac000 r-xp 00000000 00:f2d 4611686019135192571       /nix/store/gpxl5qgg8kicmcvivwmybwjlpf7wh20l-graalvm17-ce-22.3.0/lib/libnio.so
7f5a974ac000-7f5a974ad000 r--p 00012000 00:f2d 4611686019135192571       /nix/store/gpxl5qgg8kicmcvivwmybwjlpf7wh20l-graalvm17-ce-22.3.0/lib/libnio.so
7f5a974ad000-7f5a974ae000 rw-p 00013000 00:f2d 4611686019135192571       /nix/store/gpxl5qgg8kicmcvivwmybwjlpf7wh20l-graalvm17-ce-22.3.0/lib/libnio.so
7f5a974ae000-7f5a974b3000 rw-p 00019000 00:f2d 4611686019135192571       /nix/store/gpxl5qgg8kicmcvivwmybwjlpf7wh20l-graalvm17-ce-22.3.0/lib/libnio.so
7f5a974b3000-7f5a97723000 rwxp 00000000 00:00 0 
7f5a97723000-7f5a97a42000 ---p 00000000 00:00 0 
7f5a97a42000-7f5a98cf2000 rwxp 00000000 00:00 0 
7f5a98cf2000-7f5a9ef7a000 ---p 00000000 00:00 0 
7f5a9ef7a000-7f5a9f22a000 rwxp 00000000 00:00 0 
7f5a9f22a000-7f5aa64b3000 ---p 00000000 00:00 0 
7f5aa64b3000-7f5ab0000000 r--s 00000000 00:f2d 4611686019135192581       /nix/store/gpxl5qgg8kicmcvivwmybwjlpf7wh20l-graalvm17-ce-22.3.0/lib/modules
7f5ab0000000-7f5ab0643000 rw-p 00000000 00:00 0 
7f5ab0643000-7f5ab4000000 ---p 00000000 00:00 0 
7f5ab4018000-7f5ab4019000 ---p 00000000 00:00 0 
7f5ab4019000-7f5ab411a000 rw-p 00000000 00:00 0 
7f5ab411a000-7f5ab411e000 ---p 00000000 00:00 0 
7f5ab411e000-7f5ab421a000 rw-p 00000000 00:00 0 
7f5ab421a000-7f5ab421e000 ---p 00000000 00:00 0 
7f5ab421e000-7f5ab431a000 rw-p 00000000 00:00 0 
7f5ab431a000-7f5ab431e000 ---p 00000000 00:00 0 
7f5ab431e000-7f5ab441a000 rw-p 00000000 00:00 0 
7f5ab441a000-7f5ab441e000 ---p 00000000 00:00 0 
7f5ab441e000-7f5ab461a000 rw-p 00000000 00:00 0 
7f5ab461a000-7f5ab461e000 ---p 00000000 00:00 0 
7f5ab461e000-7f5ab481a000 rw-p 00000000 00:00 0 
7f5ab481a000-7f5ab481e000 ---p 00000000 00:00 0 
7f5ab481e000-7f5ab491a000 rw-p 00000000 00:00 0 
7f5ab491a000-7f5ab491e000 ---p 00000000 00:00 0 
7f5ab491e000-7f5ab4a1a000 rw-p 00000000 00:00 0 
7f5ab4a1a000-7f5ab4a1e000 ---p 00000000 00:00 0 
7f5ab4a1e000-7f5ab4b1a000 rw-p 00000000 00:00 0 
7f5ab4b1a000-7f5ab4e00000 r--p 00000000 00:e63 28444448                  /usr/lib/locale/locale-archive
7f5ab4e00000-7f5ab4e04000 ---p 00000000 00:00 0 
7f5ab4e04000-7f5ab4f00000 rw-p 00000000 00:00 0 
7f5ab4f00000-7f5ab4f04000 ---p 00000000 00:00 0 
7f5ab4f04000-7f5ab5400000 rw-p 00000000 00:00 0 
7f5ab5400000-7f5ab5700000 rw-p 00000000 00:00 0 
7f5ab5700000-7f5ab5800000 rw-p 00000000 00:00 0 
7f5ab5805000-7f5ab5807000 r-xp 00000000 00:f2d 4611686019135190017       /nix/store/gpxl5qgg8kicmcvivwmybwjlpf7wh20l-graalvm17-ce-22.3.0/lib/libextnet.so
7f5ab5807000-7f5ab5808000 r--p 00001000 00:f2d 4611686019135190017       /nix/store/gpxl5qgg8kicmcvivwmybwjlpf7wh20l-graalvm17-ce-22.3.0/lib/libextnet.so
7f5ab5808000-7f5ab5809000 rw-p 00002000 00:f2d 4611686019135190017       /nix/store/gpxl5qgg8kicmcvivwmybwjlpf7wh20l-graalvm17-ce-22.3.0/lib/libextnet.so
7f5ab5809000-7f5ab580a000 rw-p 00004000 00:f2d 4611686019135190017       /nix/store/gpxl5qgg8kicmcvivwmybwjlpf7wh20l-graalvm17-ce-22.3.0/lib/libextnet.so
7f5ab580a000-7f5ab5811000 r-xp 00000000 00:f2d 4611686019135192580       /nix/store/gpxl5qgg8kicmcvivwmybwjlpf7wh20l-graalvm17-ce-22.3.0/lib/libzip.so
7f5ab5811000-7f5ab5812000 ---p 00007000 00:f2d 4611686019135192580       /nix/store/gpxl5qgg8kicmcvivwmybwjlpf7wh20l-graalvm17-ce-22.3.0/lib/libzip.so
7f5ab5812000-7f5ab5813000 r--p 00007000 00:f2d 4611686019135192580       /nix/store/gpxl5qgg8kicmcvivwmybwjlpf7wh20l-graalvm17-ce-22.3.0/lib/libzip.so
7f5ab5813000-7f5ab5814000 rw-p 00008000 00:f2d 4611686019135192580       /nix/store/gpxl5qgg8kicmcvivwmybwjlpf7wh20l-graalvm17-ce-22.3.0/lib/libzip.so
7f5ab5814000-7f5ab5816000 rw-p 0000b000 00:f2d 4611686019135192580       /nix/store/gpxl5qgg8kicmcvivwmybwjlpf7wh20l-graalvm17-ce-22.3.0/lib/libzip.so
7f5ab5816000-7f5ab5817000 ---p 00000000 00:00 0 
7f5ab5817000-7f5ab5918000 rw-p 00000000 00:00 0 
7f5ab5918000-7f5ab59e6000 r-xp 00000000 00:f2d 4611686019135190036       /nix/store/gpxl5qgg8kicmcvivwmybwjlpf7wh20l-graalvm17-ce-22.3.0/lib/libjsvml.so
7f5ab59e6000-7f5ab59e7000 r--p 000cd000 00:f2d 4611686019135190036       /nix/store/gpxl5qgg8kicmcvivwmybwjlpf7wh20l-graalvm17-ce-22.3.0/lib/libjsvml.so
7f5ab59e7000-7f5ab59e8000 rw-p 000ce000 00:f2d 4611686019135190036       /nix/store/gpxl5qgg8kicmcvivwmybwjlpf7wh20l-graalvm17-ce-22.3.0/lib/libjsvml.so
7f5ab59e8000-7f5ab72c0000 rw-p 00000000 00:00 0 
7f5ab72c0000-7f5ab72c1000 ---p 00000000 00:00 0 
7f5ab72c1000-7f5ab746c000 rw-p 00000000 00:00 0 
7f5ab746c000-7f5ab7484000 rw-p 00000000 00:00 0 
7f5ab7484000-7f5ab74c2000 ---p 00000000 00:00 0 
7f5ab74c2000-7f5ab74c9000 rw-p 00000000 00:00 0 
7f5ab74c9000-7f5ab75ae000 ---p 00000000 00:00 0 
7f5ab75ae000-7f5ab75d4000 rw-p 00000000 00:00 0 
7f5ab75d4000-7f5ab7699000 ---p 00000000 00:00 0 
7f5ab7699000-7f5ab769e000 rw-p 00000000 00:00 0 
7f5ab769e000-7f5ab76a5000 ---p 00000000 00:00 0 
7f5ab76a5000-7f5ab76c9000 r-xp 00000000 00:f2d 4611686019135190028       /nix/store/gpxl5qgg8kicmcvivwmybwjlpf7wh20l-graalvm17-ce-22.3.0/lib/libjava.so
7f5ab76c9000-7f5ab76ca000 ---p 00024000 00:f2d 4611686019135190028       /nix/store/gpxl5qgg8kicmcvivwmybwjlpf7wh20l-graalvm17-ce-22.3.0/lib/libjava.so
7f5ab76ca000-7f5ab76cb000 r--p 00024000 00:f2d 4611686019135190028       /nix/store/gpxl5qgg8kicmcvivwmybwjlpf7wh20l-graalvm17-ce-22.3.0/lib/libjava.so
7f5ab76cb000-7f5ab76cc000 rw-p 00025000 00:f2d 4611686019135190028       /nix/store/gpxl5qgg8kicmcvivwmybwjlpf7wh20l-graalvm17-ce-22.3.0/lib/libjava.so
7f5ab76cc000-7f5ab76cd000 rw-p 00000000 00:00 0 
7f5ab76cd000-7f5ab76d4000 rw-p 0002f000 00:f2d 4611686019135190028       /nix/store/gpxl5qgg8kicmcvivwmybwjlpf7wh20l-graalvm17-ce-22.3.0/lib/libjava.so
7f5ab76d4000-7f5ab76dc000 rw-s 00000000 00:176d 352                      /tmp/hsperfdata_runner/30
7f5ab76dc000-7f5ab76dd000 ---p 00000000 00:00 0 
7f5ab76dd000-7f5ab76de000 r--p 00000000 00:00 0 
7f5ab76de000-7f5ab76df000 rwxp 00000000 00:00 0 
7f5ab76df000-7f5ab76fa000 r-xp 00000000 00:f2d 4611686019135190032       /nix/store/gpxl5qgg8kicmcvivwmybwjlpf7wh20l-graalvm17-ce-22.3.0/lib/libjimage.so
7f5ab76fa000-7f5ab76fb000 ---p 0001b000 00:f2d 4611686019135190032       /nix/store/gpxl5qgg8kicmcvivwmybwjlpf7wh20l-graalvm17-ce-22.3.0/lib/libjimage.so
7f5ab76fb000-7f5ab76fd000 r--p 0001b000 00:f2d 4611686019135190032       /nix/store/gpxl5qgg8kicmcvivwmybwjlpf7wh20l-graalvm17-ce-22.3.0/lib/libjimage.so
7f5ab76fd000-7f5ab76fe000 rw-p 0001d000 00:f2d 4611686019135190032       /nix/store/gpxl5qgg8kicmcvivwmybwjlpf7wh20l-graalvm17-ce-22.3.0/lib/libjimage.so
7f5ab76fe000-7f5ab76ff000 rw-p 00024000 00:f2d 4611686019135190032       /nix/store/gpxl5qgg8kicmcvivwmybwjlpf7wh20l-graalvm17-ce-22.3.0/lib/libjimage.so
7f5ab76ff000-7f5ab7703000 ---p 00000000 00:00 0 
7f5ab7703000-7f5ab77ff000 rw-p 00000000 00:00 0 
7f5ab77ff000-7f5ab780d000 r--p 00000000 00:f2d 4611686019027979927       /nix/store/4nlgxhb09sdr51nc9hdm8az5b08vzkgx-glibc-2.35-163/lib/libm.so.6
7f5ab780d000-7f5ab7880000 r-xp 0000e000 00:f2d 4611686019027979927       /nix/store/4nlgxhb09sdr51nc9hdm8az5b08vzkgx-glibc-2.35-163/lib/libm.so.6
7f5ab7880000-7f5ab78dd000 r--p 00081000 00:f2d 4611686019027979927       /nix/store/4nlgxhb09sdr51nc9hdm8az5b08vzkgx-glibc-2.35-163/lib/libm.so.6
7f5ab78dd000-7f5ab78de000 r--p 000dd000 00:f2d 4611686019027979927       /nix/store/4nlgxhb09sdr51nc9hdm8az5b08vzkgx-glibc-2.35-163/lib/libm.so.6
7f5ab78de000-7f5ab78df000 rw-p 000de000 00:f2d 4611686019027979927       /nix/store/4nlgxhb09sdr51nc9hdm8az5b08vzkgx-glibc-2.35-163/lib/libm.so.6
7f5ab78df000-7f5ab78e0000 r--p 00000000 00:f2d 4611686019027979946       /nix/store/4nlgxhb09sdr51nc9hdm8az5b08vzkgx-glibc-2.35-163/lib/librt.so.1
7f5ab78e0000-7f5ab78e1000 r-xp 00001000 00:f2d 4611686019027979946       /nix/store/4nlgxhb09sdr51nc9hdm8az5b08vzkgx-glibc-2.35-163/lib/librt.so.1
7f5ab78e1000-7f5ab78e2000 r--p 00002000 00:f2d 4611686019027979946       /nix/store/4nlgxhb09sdr51nc9hdm8az5b08vzkgx-glibc-2.35-163/lib/librt.so.1
7f5ab78e2000-7f5ab78e3000 r--p 00002000 00:f2d 4611686019027979946       /nix/store/4nlgxhb09sdr51nc9hdm8az5b08vzkgx-glibc-2.35-163/lib/librt.so.1
7f5ab78e3000-7f5ab78e4000 rw-p 00003000 00:f2d 4611686019027979946       /nix/store/4nlgxhb09sdr51nc9hdm8az5b08vzkgx-glibc-2.35-163/lib/librt.so.1
7f5ab78e4000-7f5ab89f7000 r-xp 00000000 00:f2d 4611686019135360866       /nix/store/gpxl5qgg8kicmcvivwmybwjlpf7wh20l-graalvm17-ce-22.3.0/lib/server/libjvm.so
7f5ab89f7000-7f5ab89f8000 ---p 01113000 00:f2d 4611686019135360866       /nix/store/gpxl5qgg8kicmcvivwmybwjlpf7wh20l-graalvm17-ce-22.3.0/lib/server/libjvm.so
7f5ab89f8000-7f5ab8aad000 r--p 01113000 00:f2d 4611686019135360866       /nix/store/gpxl5qgg8kicmcvivwmybwjlpf7wh20l-graalvm17-ce-22.3.0/lib/server/libjvm.so
7f5ab8aad000-7f5ab8ae1000 rw-p 011c8000 00:f2d 4611686019135360866       /nix/store/gpxl5qgg8kicmcvivwmybwjlpf7wh20l-graalvm17-ce-22.3.0/lib/server/libjvm.so
7f5ab8ae1000-7f5ab8b3d000 rw-p 00000000 00:00 0 
7f5ab8b3d000-7f5ab8b65000 r--p 00000000 00:f2d 4611686019027979918       /nix/store/4nlgxhb09sdr51nc9hdm8az5b08vzkgx-glibc-2.35-163/lib/libc.so.6
7f5ab8b65000-7f5ab8cdb000 r-xp 00028000 00:f2d 4611686019027979918       /nix/store/4nlgxhb09sdr51nc9hdm8az5b08vzkgx-glibc-2.35-163/lib/libc.so.6
7f5ab8cdb000-7f5ab8d33000 r--p 0019e000 00:f2d 4611686019027979918       /nix/store/4nlgxhb09sdr51nc9hdm8az5b08vzkgx-glibc-2.35-163/lib/libc.so.6
7f5ab8d33000-7f5ab8d37000 r--p 001f6000 00:f2d 4611686019027979918       /nix/store/4nlgxhb09sdr51nc9hdm8az5b08vzkgx-glibc-2.35-163/lib/libc.so.6
7f5ab8d37000-7f5ab8d39000 rw-p 001fa000 00:f2d 4611686019027979918       /nix/store/4nlgxhb09sdr51nc9hdm8az5b08vzkgx-glibc-2.35-163/lib/libc.so.6
7f5ab8d39000-7f5ab8d48000 rw-p 00000000 00:00 0 
7f5ab8d48000-7f5ab8d49000 r--p 00000000 00:f2d 4611686019027979923       /nix/store/4nlgxhb09sdr51nc9hdm8az5b08vzkgx-glibc-2.35-163/lib/libdl.so.2
7f5ab8d49000-7f5ab8d4a000 r-xp 00001000 00:f2d 4611686019027979923       /nix/store/4nlgxhb09sdr51nc9hdm8az5b08vzkgx-glibc-2.35-163/lib/libdl.so.2
7f5ab8d4a000-7f5ab8d4b000 r--p 00002000 00:f2d 4611686019027979923       /nix/store/4nlgxhb09sdr51nc9hdm8az5b08vzkgx-glibc-2.35-163/lib/libdl.so.2
7f5ab8d4b000-7f5ab8d4c000 r--p 00002000 00:f2d 4611686019027979923       /nix/store/4nlgxhb09sdr51nc9hdm8az5b08vzkgx-glibc-2.35-163/lib/libdl.so.2
7f5ab8d4c000-7f5ab8d4d000 rw-p 00003000 00:f2d 4611686019027979923       /nix/store/4nlgxhb09sdr51nc9hdm8az5b08vzkgx-glibc-2.35-163/lib/libdl.so.2
7f5ab8d4d000-7f5ab8d4e000 r--p 00000000 00:f2d 4611686019027979942       /nix/store/4nlgxhb09sdr51nc9hdm8az5b08vzkgx-glibc-2.35-163/lib/libpthread.so.0
7f5ab8d4e000-7f5ab8d4f000 r-xp 00001000 00:f2d 4611686019027979942       /nix/store/4nlgxhb09sdr51nc9hdm8az5b08vzkgx-glibc-2.35-163/lib/libpthread.so.0
7f5ab8d4f000-7f5ab8d50000 r--p 00002000 00:f2d 4611686019027979942       /nix/store/4nlgxhb09sdr51nc9hdm8az5b08vzkgx-glibc-2.35-163/lib/libpthread.so.0
7f5ab8d50000-7f5ab8d51000 r--p 00002000 00:f2d 4611686019027979942       /nix/store/4nlgxhb09sdr51nc9hdm8az5b08vzkgx-glibc-2.35-163/lib/libpthread.so.0
7f5ab8d51000-7f5ab8d52000 rw-p 00003000 00:f2d 4611686019027979942       /nix/store/4nlgxhb09sdr51nc9hdm8az5b08vzkgx-glibc-2.35-163/lib/libpthread.so.0
7f5ab8d52000-7f5ab8d60000 r-xp 00000000 00:f2d 4611686019135190033       /nix/store/gpxl5qgg8kicmcvivwmybwjlpf7wh20l-graalvm17-ce-22.3.0/lib/libjli.so
7f5ab8d60000-7f5ab8d61000 ---p 0000e000 00:f2d 4611686019135190033       /nix/store/gpxl5qgg8kicmcvivwmybwjlpf7wh20l-graalvm17-ce-22.3.0/lib/libjli.so
7f5ab8d61000-7f5ab8d62000 r--p 0000e000 00:f2d 4611686019135190033       /nix/store/gpxl5qgg8kicmcvivwmybwjlpf7wh20l-graalvm17-ce-22.3.0/lib/libjli.so
7f5ab8d62000-7f5ab8d63000 rw-p 0000f000 00:f2d 4611686019135190033       /nix/store/gpxl5qgg8kicmcvivwmybwjlpf7wh20l-graalvm17-ce-22.3.0/lib/libjli.so
7f5ab8d63000-7f5ab8d64000 rw-p 00012000 00:f2d 4611686019135190033       /nix/store/gpxl5qgg8kicmcvivwmybwjlpf7wh20l-graalvm17-ce-22.3.0/lib/libjli.so
7f5ab8d64000-7f5ab8d67000 r--p 00000000 00:f2d 4611686019106210071       /nix/store/026hln0aq1hyshaxsdvhg0kmcm6yf45r-zlib-1.2.13/lib/libz.so.1.2.13
7f5ab8d67000-7f5ab8d79000 r-xp 00003000 00:f2d 4611686019106210071       /nix/store/026hln0aq1hyshaxsdvhg0kmcm6yf45r-zlib-1.2.13/lib/libz.so.1.2.13
7f5ab8d79000-7f5ab8d80000 r--p 00015000 00:f2d 4611686019106210071       /nix/store/026hln0aq1hyshaxsdvhg0kmcm6yf45r-zlib-1.2.13/lib/libz.so.1.2.13
7f5ab8d80000-7f5ab8d81000 r--p 0001b000 00:f2d 4611686019106210071       /nix/store/026hln0aq1hyshaxsdvhg0kmcm6yf45r-zlib-1.2.13/lib/libz.so.1.2.13
7f5ab8d81000-7f5ab8d82000 rw-p 0001c000 00:f2d 4611686019106210071       /nix/store/026hln0aq1hyshaxsdvhg0kmcm6yf45r-zlib-1.2.13/lib/libz.so.1.2.13
7f5ab8d82000-7f5ab8d84000 rw-p 00000000 00:00 0 
7f5ab8d84000-7f5ab8d88000 r--p 00000000 00:00 0                          [vvar]
7f5ab8d88000-7f5ab8d8a000 r-xp 00000000 00:00 0                          [vdso]
7f5ab8d8a000-7f5ab8d8c000 r--p 00000000 00:f2d 4611686019027979912       /nix/store/4nlgxhb09sdr51nc9hdm8az5b08vzkgx-glibc-2.35-163/lib/ld-linux-x86-64.so.2
7f5ab8d8c000-7f5ab8db3000 r-xp 00002000 00:f2d 4611686019027979912       /nix/store/4nlgxhb09sdr51nc9hdm8az5b08vzkgx-glibc-2.35-163/lib/ld-linux-x86-64.so.2
7f5ab8db3000-7f5ab8dbf000 r--p 00029000 00:f2d 4611686019027979912       /nix/store/4nlgxhb09sdr51nc9hdm8az5b08vzkgx-glibc-2.35-163/lib/ld-linux-x86-64.so.2
7f5ab8dbf000-7f5ab8dc1000 r--p 00034000 00:f2d 4611686019027979912       /nix/store/4nlgxhb09sdr51nc9hdm8az5b08vzkgx-glibc-2.35-163/lib/ld-linux-x86-64.so.2
7f5ab8dc1000-7f5ab8dc3000 rw-p 00036000 00:f2d 4611686019027979912       /nix/store/4nlgxhb09sdr51nc9hdm8az5b08vzkgx-glibc-2.35-163/lib/ld-linux-x86-64.so.2
7ffcd4dcd000-7ffcd4df1000 rw-p 00000000 00:00 0                          [stack]
ffffffffff600000-ffffffffff601000 --xp 00000000 00:00 0                  [vsyscall]


VM Arguments:
jvm_args: -XX:ThreadPriorityPolicy=1 -XX:+UnlockExperimentalVMOptions -XX:+EnableJVMCIProduct -XX:JVMCIThreadsPerNativeLibraryRuntime=1 -XX:-UnlockExperimentalVMOptions -Declipse.application=org.eclipse.jdt.ls.core.id1 -Dosgi.bundles.defaultStartLevel=4 -Declipse.product=org.eclipse.jdt.ls.core.product -Dlog.level=ALL -Xverify:none -XX:+UseParallelGC -XX:GCTimeRatio=4 -XX:AdaptiveSizePolicyWeight=90 -Dsun.zip.disableMemoryMapping=true -Xmx512m -Xms100m 
java_command: /nix/store/m6gcpi1ii6rghy04cjwjddcavv7i90df-jdt-language-server-1.9.0/share/java/plugins/org.eclipse.equinox.launcher_1.6.400.v20210924-0641.jar --add-modules=ALL-SYSTEM --add-opens java.base/java.util=ALL-UNNAMED --add-opens java.base/java.lang=ALL-UNNAMED -configuration /home/runner/.cache/jdt-language-server/config -data /home/runner/.cache/jdt-language-server/data/home/runner/newpp
java_class_path (initial): /nix/store/m6gcpi1ii6rghy04cjwjddcavv7i90df-jdt-language-server-1.9.0/share/java/plugins/org.eclipse.equinox.launcher_1.6.400.v20210924-0641.jar
Launcher Type: SUN_STANDARD

[Global flags]
    uintx AdaptiveSizePolicyWeight                 = 90                                        {product} {command line}
     intx CICompilerCount                          = 2                                         {product} {ergonomic}
     bool EnableJVMCIProduct                       = true                                {JVMCI product} {jimage}
    uintx GCTimeRatio                              = 4                                         {product} {command line}
   size_t InitialHeapSize                          = 104857600                                 {product} {command line}
     uint JVMCIThreadsPerNativeLibraryRuntime      = 1                                   {JVMCI product} {jimage}
   size_t MaxHeapSize                              = 536870912                                 {product} {command line}
   size_t MaxNewSize                               = 178782208                                 {product} {ergonomic}
   size_t MinHeapDeltaBytes                        = 524288                                    {product} {ergonomic}
   size_t MinHeapSize                              = 104857600                                 {product} {command line}
   size_t NewSize                                  = 34603008                                  {product} {ergonomic}
    uintx NonNMethodCodeHeapSize                   = 5826188                                {pd product} {ergonomic}
    uintx NonProfiledCodeHeapSize                  = 122916026                              {pd product} {ergonomic}
   size_t OldSize                                  = 70254592                                  {product} {ergonomic}
    uintx ProfiledCodeHeapSize                     = 122916026                              {pd product} {ergonomic}
    uintx ReservedCodeCacheSize                    = 251658240                              {pd product} {ergonomic}
     bool SegmentedCodeCache                       = true                                      {product} {ergonomic}
   size_t SoftMaxHeapSize                          = 536870912                              {manageable} {ergonomic}
     intx ThreadPriorityPolicy                     = 1                                         {product} {jimage}
     bool UseCompressedClassPointers               = true                           {product lp64_product} {ergonomic}
     bool UseCompressedOops                        = true                           {product lp64_product} {ergonomic}
     bool UseParallelGC                            = true                                      {product} {command line}

Logging:
Log output configuration:
 #0: stdout all=warning uptime,level,tags
 #1: stderr all=off uptime,level,tags

Environment Variables:
JAVA_HOME=/nix/store/gpxl5qgg8kicmcvivwmybwjlpf7wh20l-graalvm17-ce-22.3.0
PATH=/nix/store/1d6ian3r8kdzspw8hacjhl3xkp40g1lj-binutils-wrapper-2.39/bin:/nix/store/dq0xwmsk1g0i2ayg6pb7y87na2knzylh-gcc-wrapper-11.3.0/bin:/nix/store/bap4d0lpcrhpwmpb8ayjcgkmvfj62lnq-bash-interactive-5.1-p16/bin:/nix/store/pr5n59mb4jzmfx6kanwxly0l07p861fg-patchelf-0.15.0/bin:/nix/store/1gf2flfqnpqbr1b4p4qz2f72y42bs56r-gcc-11.3.0/bin:/nix/store/57xv61c5zi8pphjbcwxxjlgc34p61ic9-glibc-2.35-163-bin/bin:/nix/store/a7gvj343m05j2s32xcnwr35v31ynlypr-coreutils-9.1/bin:/nix/store/039g378vc3pc3dvi9dzdlrd0i4q93qwf-binutils-2.39/bin:/nix/store/gpxl5qgg8kicmcvivwmybwjlpf7wh20l-graalvm17-ce-22.3.0/bin:/nix/store/6z9ag3ihc8mq2hzsw48lhbznvzny65nz-apache-maven-3.8.6/bin:/nix/store/m6gcpi1ii6rghy04cjwjddcavv7i90df-jdt-language-server-1.9.0/bin:/nix/store/84xs5alhs01zrbr4ywm05kxbjbp5590l-java-debug/bin:/nix/store/mydc6f4k2z73xlcz7ilif3v2lcaiqvza-findutils-4.9.0/bin:/nix/store/j9p3g8472iijd50vhdprx0nmk2fqn5gv-diffutils-3.8/bin:/nix/store/89zs7rms6x00xfq4dq6m7mjnhkr8a6r4-gnused-4.8/bin:/nix/store/86bp03jkmsl6f92w0yzg4s59g5mhxwmy-gnugrep-3.7/bin:/nix/store/hwcdqw4jrjnd37wxqgsd47hd0j8bnj09-gawk-5.1.1/bin:/nix/store/cfbhw8r8ags41vwqaz47r583d0p4h4a1-gnutar-1.34/bin:/nix/store/p3m1ndl1lapwrlh698bnb5lvvxh67378-gzip-1.12/bin:/nix/store/a8mhcagrsly7c7mpjrpsnaahk4aax056-bzip2-1.0.8-bin/bin:/nix/store/mblgz65m3zv9x548a3d5m96fj2pbwr09-gnumake-4.3/bin:/nix/store/dsd5gz46hdbdk2rfdimqddhq6m8m8fqs-bash-5.1-p16/bin:/nix/store/v7ljksji50mg3w61dykaa3n3y79n6nil-patch-2.7.6/bin:/nix/store/zlcnmqq14jz5x9439jf937mvayyl63da-xz-5.2.7-bin/bin:/nix/store/y6aj732zm9m87c82fpvf103a1xb22blp-file-5.43/bin:/nix/store/sgqd0ajghcv2axfl1lad0b1alyavp0dc-prybar-elisp-0.0.0-67f7a00/bin:/nix/store/p3hsvljpgs68jqwar41lc0jqhjj734lf-prybar-lua-0.0.0-67f7a00/bin:/nix/store/qzxs2gybds3s9kb1vkaflpgm2nwr85fh-prybar-python3-0.0.0-67f7a00/bin:/nix/store/km94z9mxp8w4m8gxxp5mbfpdf3nkfvd8-prybar-sqlite-0.0.0-67f7a00/bin:/nix/store/2pnc7b76asw0z59c4l6h6qy8arwqrii1-prybar-tcl-0.0.0-67f7a00/bin:/nix/store/hpbvrlwd5viqmvcaisb3x0118i913a9n-st
LD_LIBRARY_PATH=/nix/store/a4pff549sk2idnkpzk5nsfps3mdkdnvm-cups-2.4.2-lib/lib:/nix/store/72mqxxhh3cy5yifh92wh2yb8cl2hikyy-cairo-1.16.0/lib:/nix/store/2k366jrbsra97gjfxwvrhvixjfxdach5-glib-2.74.1/lib:/nix/store/2j2znigd8ak37rlwh9khz0ry3clqlw1l-gtk+3-3.24.34/lib:/nix/store/hisqvx32cd57apbpcsnkpx6k3549wql1-libglvnd-1.4.0/lib:/nix/store/p36pgcv991mq5srvg765b78yqpxvk3qs-mesa-21.3.3-drivers/lib:/nix/store/mav4251if1ahjq5vkpwycyyvnmy459c4-pulseaudio-14.2/lib
DISPLAY=:0
LANG=en_US.UTF-8

Signal Handlers:
   SIGSEGV: crash_handler in libjvm.so, mask=11100100010111111101111111111110, flags=SA_RESTART|SA_SIGINFO
    SIGBUS: crash_handler in libjvm.so, mask=11100100010111111101111111111110, flags=SA_RESTART|SA_SIGINFO
    SIGFPE: crash_handler in libjvm.so, mask=11100100010111111101111111111110, flags=SA_RESTART|SA_SIGINFO
   SIGPIPE: IsolateEnterStub_IgnoreSIGPIPEStartupHook_noopSignalHandler_8f19bff2f35b5f630d83b364d6b2339320d4ec70_216e8361c6bc87a8f89f58cc10d3b2fd4415bf87 in libjvmcicompiler.so, mask=00000000000000000000000000000000, flags=SA_RESTART
  *** Handler was modified!
  *** Expected: javaSignalHandler in libjvm.so, mask=11100100110111111111111111111110, flags=SA_RESTART|SA_SIGINFO
   SIGXFSZ: javaSignalHandler in libjvm.so, mask=11100100010111111101111111111110, flags=SA_RESTART|SA_SIGINFO
    SIGILL: crash_handler in libjvm.so, mask=11100100010111111101111111111110, flags=SA_RESTART|SA_SIGINFO
   SIGUSR2: SR_handler in libjvm.so, mask=00000000000000000000000000000000, flags=SA_RESTART|SA_SIGINFO
    SIGHUP: UserHandler in libjvm.so, mask=11100100010111111101111111111110, flags=SA_RESTART|SA_SIGINFO
    SIGINT: UserHandler in libjvm.so, mask=11100100010111111101111111111110, flags=SA_RESTART|SA_SIGINFO
   SIGTERM: UserHandler in libjvm.so, mask=11100100010111111101111111111110, flags=SA_RESTART|SA_SIGINFO
   SIGQUIT: UserHandler in libjvm.so, mask=11100100010111111101111111111110, flags=SA_RESTART|SA_SIGINFO
  *** Handler was modified!
  *** Expected: javaSignalHandler in libjvm.so, mask=11100100110111111111111111111110, flags=SA_RESTART|SA_SIGINFO
   SIGTRAP: crash_handler in libjvm.so, mask=11100100010111111101111111111110, flags=SA_RESTART|SA_SIGINFO


---------------  S Y S T E M  ---------------

OS:
DISTRIB_ID=Ubuntu
DISTRIB_RELEASE=20.04
DISTRIB_CODENAME=focal
DISTRIB_DESCRIPTION="Ubuntu 20.04.2 LTS"
uname: Linux 5.15.0-1029-gcp #36~20.04.1-Ubuntu SMP Tue Jan 24 16:54:15 UTC 2023 x86_64
OS uptime: 0 days 8:26 hours
libc: glibc 2.35 NPTL 2.35 
rlimit (soft/hard): STACK 8192k/infinity , CORE infinity/infinity , NPROC infinity/infinity , NOFILE 5242/5242 , AS infinity/infinity , CPU infinity/infinity , DATA infinity/infinity , FSIZE infinity/infinity , MEMLOCK 64k/64k
load average: 17.31 13.68 13.16

/proc/meminfo:
MemTotal:       65852724 kB
MemFree:        27191508 kB
MemAvailable:   47611000 kB
Buffers:         2238260 kB
Cached:         16678440 kB
SwapCached:            0 kB
Active:          9225664 kB
Inactive:       24443336 kB
Active(anon):      13956 kB
Inactive(anon): 14405000 kB
Active(file):    9211708 kB
Inactive(file): 10038336 kB
Unevictable:       43420 kB
Mlocked:           43420 kB
SwapTotal:             0 kB
SwapFree:              0 kB
Dirty:              3112 kB
Writeback:             0 kB
AnonPages:      13932192 kB
Mapped:          1841772 kB
Shmem:             39048 kB
KReclaimable:    1896048 kB
Slab:            3989920 kB
SReclaimable:    1896048 kB
SUnreclaim:      2093872 kB
KernelStack:      394004 kB
PageTables:       147952 kB
NFS_Unstable:          0 kB
Bounce:                0 kB
WritebackTmp:          0 kB
CommitLimit:    32926360 kB
Committed_AS:   65128724 kB
VmallocTotal:   34359738367 kB
VmallocUsed:      443804 kB
VmallocChunk:          0 kB
Percpu:           102592 kB
HardwareCorrupted:     0 kB
AnonHugePages:    985088 kB
ShmemHugePages:        0 kB
ShmemPmdMapped:        0 kB
FileHugePages:         0 kB
FilePmdMapped:         0 kB
HugePages_Total:       0
HugePages_Free:        0
HugePages_Rsvd:        0
HugePages_Surp:        0
Hugepagesize:       2048 kB
Hugetlb:               0 kB
DirectMap4k:     4592448 kB
DirectMap2M:    42590208 kB
DirectMap1G:    22020096 kB

/sys/kernel/mm/transparent_hugepage/enabled: always [madvise] never
/sys/kernel/mm/transparent_hugepage/defrag (defrag/compaction efforts parameter): always defer defer+madvise [madvise] never

Process Memory:
Virtual Size: 5459032K (peak: 5548860K)
Resident Set Size: 749208K (peak: 783928K) (anon: 552216K, file: 196992K, shmem: 0K)
Swapped out: 0K
C-Heap outstanding allocations: 42717K, retained: 14494K
glibc malloc tunables: (default)

/proc/sys/kernel/threads-max (system-wide limit on the number of threads): 514406
/proc/sys/vm/max_map_count (maximum number of memory map areas a process may have): 65530
/proc/sys/kernel/pid_max (system-wide limit on number of process identifiers): 4194304

container (cgroup) information:
container_type: cgroupv1
cpu_cpuset_cpus: 2-7
cpu_memory_nodes: 0
active_processor_count: 1
cpu_quota: 50000
cpu_period: 100000
cpu_shares: 512
memory_limit_in_bytes: 1048576 k
memory_and_swap_limit_in_bytes: 1048576 k
memory_soft_limit_in_bytes: 524288 k
memory_usage_in_bytes: 690872 k
memory_max_usage_in_bytes: 730784 k
maximum number of tasks: 1000
current number of tasks: 88

KVM virtualization detected
Steal ticks since vm start: 0
Steal ticks percentage since vm start:  0.000

CPU: total 8 (initial active 1) (8 cores per cpu, 2 threads per core) family 23 model 49 stepping 0 microcode 0xffffffff, cx8, cmov, fxsr, ht, mmx, 3dnowpref, sse, sse2, sse3, ssse3, sse4a, sse4.1, sse4.2, popcnt, lzcnt, tsc, tscinvbit, avx, avx2, aes, clmul, bmi1, bmi2, adx, sha, fma, vzeroupper, clflush, clflushopt, hv
CPU Model and flags from /proc/cpuinfo:
model name	: AMD EPYC 7B12
flags		: fpu vme de pse tsc msr pae mce cx8 apic sep mtrr pge mca cmov pat pse36 clflush mmx fxsr sse sse2 ht syscall nx mmxext fxsr_opt pdpe1gb rdtscp lm constant_tsc rep_good nopl nonstop_tsc cpuid extd_apicid tsc_known_freq pni pclmulqdq ssse3 fma cx16 sse4_1 sse4_2 movbe popcnt aes xsave avx f16c rdrand hypervisor lahf_lm cmp_legacy cr8_legacy abm sse4a misalignsse 3dnowprefetch osvw topoext ssbd ibrs ibpb stibp vmmcall fsgsbase tsc_adjust bmi1 avx2 smep bmi2 rdseed adx smap clflushopt clwb sha_ni xsaveopt xsavec xgetbv1 clzero xsaveerptr arat npt nrip_save umip rdpid

Online cpus: 0-7
Offline cpus: 
BIOS frequency limitation: <Not Available>
Frequency switch latency (ns): <Not Available>
Available cpu frequencies: <Not Available>
Current governor: <Not Available>
Core performance/turbo boost: <Not Available>

Memory: 4k page, physical 1048576k(357696k free), swap 0k(0k free)
Page Sizes: 4k

vm_info: OpenJDK 64-Bit Server VM (17.0.5+8-jvmci-22.3-b08) for linux-amd64 JRE (17.0.5+8-jvmci-22.3-b08), built on Oct 19 2022 09:01:27 by "buildslave" with gcc 10.3.0

END.
